[2019-02-05 08:23:03 Thread-Id 9]
SELECT * FROM kfz;
[2019-02-05 08:23:55 Thread-Id 9]
SELECT * FROM kfz;
[2019-02-05 08:26:28 Thread-Id 9]
SELECT * FROM kfz;
[2019-02-05 08:38:31 Thread-Id 9]
SELECT * FROM kfz;
[2019-02-05 08:38:49 Thread-Id 9]
INSERT INTO kfz 
                (FahrgestellNr, Kennzeichen, Leistung, Typ) 
                VALUES ('KJAHDS87687678', 'S-PR-9876', 85, 'SUV')
[2019-02-08 08:09:12 Thread-Id 10]
SELECT * FROM kfz;
[2019-02-08 09:01:06 Thread-Id 10]
SELECT * FROM kfz;
[2019-02-08 09:58:12 Thread-Id 10]
SELECT * FROM kfz;
[2019-02-08 09:58:49 Thread-Id 10]
SELECT * FROM kfz;
[2019-02-08 10:02:16 Thread-Id 9]
SELECT * FROM kfz;
[2019-02-08 10:02:35 Thread-Id 9]
INSERT INTO kfz 
                (FahrgestellNr, Kennzeichen, Leistung, Typ) 
                VALUES ('KJAHDS87687678', 'S-PR-9876', 85, 'SUV');
[2019-02-08 10:02:59 Thread-Id 10]
SELECT * FROM kfz;
[2019-02-08 10:04:35 Thread-Id 9]
SELECT * FROM kfz;
[2019-02-12 08:36:11 Thread-Id 10]
SELECT * FROM kfz;
[2019-02-12 08:40:16 Thread-Id 10]
INSERT INTO kfz 
                (FahrgestellNr, Kennzeichen, Leistung, Typ) 
                VALUES ('KJAHDS87687678', 'S-PR-9876', 85, 'SUV');
[2020-12-11 04:52:19 Thread-Id 1]
SELECT * FROM kfz;
[2020-12-11 04:52:39 Thread-Id 1]
SELECT * FROM kfz;
[2020-12-11 04:54:45 Thread-Id 1]
SELECT * FROM kfz;
[2020-12-11 04:55:51 Thread-Id 1]
SELECT * FROM kfz;
[2020-12-11 04:56:24 Thread-Id 1]
SELECT * FROM kfz;
[2020-12-11 05:03:57 Thread-Id 1]
SELECT * FROM kfz;
[2020-12-11 05:05:45 Thread-Id 1]
SELECT * FROM kfz;
[2020-12-22 04:18:46 Thread-Id 1]
SELECT * FROM kfz;
[2020-12-22 04:32:21 Thread-Id 1]
SELECT * FROM kfz;
[2020-12-22 04:32:36 Thread-Id 1]
SELECT * FROM kfz;
[2020-12-22 05:06:32 Thread-Id 1]
SELECT * FROM kfz;
[2020-12-22 05:08:28 Thread-Id 1]
SELECT * FROM kfz;
[2020-12-22 05:17:53 Thread-Id 1]
SELECT * FROM kfz;
[2020-12-22 05:32:04 Thread-Id 1]
SELECT * FROM kfz;
[2020-12-22 05:34:53 Thread-Id 1]
SELECT * FROM kfz;
[2020-12-22 05:37:05 Thread-Id 1]
SELECT * FROM kfz;
[2020-12-22 05:39:31 Thread-Id 1]
SELECT * FROM kfz;
[2020-12-22 05:40:29 Thread-Id 1]
SELECT * FROM kfz;
[2020-12-22 05:42:34 Thread-Id 1]
SELECT * FROM kfz;
[2020-12-22 05:50:55 Thread-Id 1]
SELECT * FROM kfz;
[2020-12-22 05:52:24 Thread-Id 1]
SELECT * FROM kfz;
[2020-12-22 05:53:32 Thread-Id 1]
SELECT * FROM kfz;
[2020-12-22 05:55:00 Thread-Id 1]
SELECT * FROM kfz;
[2020-12-22 05:57:23 Thread-Id 1]
SELECT * FROM kfz;
[2020-12-22 05:57:45 Thread-Id 1]
INSERT INTO kfz 
                (FahrgestellNr, Kennzeichen, Leistung, Typ) 
                VALUES ('KJAHDS87687678', 'S-PR-9876', 85, 'SUV');
[2020-12-22 05:58:51 Thread-Id 1]
INSERT INTO kfz 
                (FahrgestellNr, Kennzeichen, Leistung, Typ) 
                VALUES ('KJAHDS87687678', 'S-PR-9876', 85, 'SUV');
[2020-12-22 05:59:14 Thread-Id 1]
INSERT INTO kfz 
                (FahrgestellNr, Kennzeichen, Leistung, Typ) 
                VALUES ('KJAHDS87687678', 'S-PR-9876', 85, 'SUV');
[2020-12-22 05:59:14 Thread-Id 1]
INSERT INTO kfz 
                (FahrgestellNr, Kennzeichen, Leistung, Typ) 
                VALUES ('KJAHDS87687678', 'S-PR-9876', 85, 'SUV');
[2020-12-22 05:59:14 Thread-Id 1]
INSERT INTO kfz 
                (FahrgestellNr, Kennzeichen, Leistung, Typ) 
                VALUES ('KJAHDS87687678', 'S-PR-9876', 85, 'SUV');
[2020-12-22 05:59:14 Thread-Id 1]
INSERT INTO kfz 
                (FahrgestellNr, Kennzeichen, Leistung, Typ) 
                VALUES ('KJAHDS87687678', 'S-PR-9876', 85, 'SUV');
[2020-12-22 05:59:15 Thread-Id 1]
INSERT INTO kfz 
                (FahrgestellNr, Kennzeichen, Leistung, Typ) 
                VALUES ('KJAHDS87687678', 'S-PR-9876', 85, 'SUV');
[2020-12-22 05:59:15 Thread-Id 1]
INSERT INTO kfz 
                (FahrgestellNr, Kennzeichen, Leistung, Typ) 
                VALUES ('KJAHDS87687678', 'S-PR-9876', 85, 'SUV');
[2020-12-22 06:11:35 Thread-Id 3]
SELECT * FROM kfz;
[2020-12-22 06:23:48 Thread-Id 3]
SELECT * FROM kfz;
[2020-12-22 06:26:52 Thread-Id 3]
SELECT * FROM kfz;
[2020-12-22 06:28:24 Thread-Id 3]
SELECT * FROM kfz;
[2020-12-22 06:28:33 Thread-Id 3]
SELECT * FROM kfz;
[2020-12-22 06:28:34 Thread-Id 3]
SELECT * FROM kfz;
[2020-12-22 06:28:35 Thread-Id 3]
SELECT * FROM kfz;
[2020-12-22 06:28:36 Thread-Id 3]
SELECT * FROM kfz;
[2020-12-22 06:28:37 Thread-Id 3]
SELECT * FROM kfz;
[2020-12-22 06:28:38 Thread-Id 3]
SELECT * FROM kfz;
[2020-12-22 06:28:39 Thread-Id 3]
SELECT * FROM kfz;
[2020-12-22 06:33:24 Thread-Id 3]
SELECT * FROM kfz;
[2020-12-22 06:33:25 Thread-Id 3]
SELECT * FROM kfz;
[2020-12-22 06:33:26 Thread-Id 3]
SELECT * FROM kfz;
[2020-12-22 06:33:27 Thread-Id 3]
SELECT * FROM kfz;
[2020-12-22 06:33:28 Thread-Id 3]
SELECT * FROM kfz;
[2020-12-22 06:33:29 Thread-Id 3]
SELECT * FROM kfz;
[2020-12-22 06:33:30 Thread-Id 3]
SELECT * FROM kfz;
[2020-12-22 06:33:31 Thread-Id 3]
SELECT * FROM kfz;
[2020-12-22 06:33:32 Thread-Id 3]
SELECT * FROM kfz;
[2020-12-22 06:33:33 Thread-Id 3]
SELECT * FROM kfz;
[2020-12-22 06:33:34 Thread-Id 3]
SELECT * FROM kfz;
[2020-12-22 06:33:35 Thread-Id 3]
SELECT * FROM kfz;
[2020-12-22 06:33:36 Thread-Id 3]
SELECT * FROM kfz;
[2020-12-22 06:33:37 Thread-Id 3]
SELECT * FROM kfz;
[2020-12-22 06:33:38 Thread-Id 3]
SELECT * FROM kfz;
[2020-12-22 06:33:39 Thread-Id 3]
SELECT * FROM kfz;
[2020-12-22 06:33:40 Thread-Id 3]
SELECT * FROM kfz;
[2020-12-22 06:33:41 Thread-Id 3]
SELECT * FROM kfz;
[2020-12-22 06:33:42 Thread-Id 3]
SELECT * FROM kfz;
[2020-12-22 06:33:43 Thread-Id 3]
SELECT * FROM kfz;
[2020-12-22 06:33:44 Thread-Id 3]
SELECT * FROM kfz;
[2020-12-22 06:33:45 Thread-Id 3]
SELECT * FROM kfz;
[2020-12-22 06:33:46 Thread-Id 3]
SELECT * FROM kfz;
[2020-12-22 06:33:47 Thread-Id 3]
SELECT * FROM kfz;
[2020-12-22 06:33:48 Thread-Id 3]
SELECT * FROM kfz;
[2020-12-22 06:33:49 Thread-Id 3]
SELECT * FROM kfz;
[2020-12-22 06:33:50 Thread-Id 3]
SELECT * FROM kfz;
[2020-12-22 06:33:51 Thread-Id 3]
SELECT * FROM kfz;
[2020-12-22 06:33:52 Thread-Id 3]
SELECT * FROM kfz;
[2020-12-22 06:33:53 Thread-Id 3]
SELECT * FROM kfz;
[2020-12-22 06:33:54 Thread-Id 3]
SELECT * FROM kfz;
[2020-12-22 06:33:55 Thread-Id 3]
SELECT * FROM kfz;
[2020-12-22 06:33:56 Thread-Id 3]
SELECT * FROM kfz;
[2020-12-22 06:33:57 Thread-Id 3]
SELECT * FROM kfz;
[2020-12-22 06:33:58 Thread-Id 3]
SELECT * FROM kfz;
[2020-12-22 06:33:59 Thread-Id 3]
SELECT * FROM kfz;
[2020-12-22 06:34:00 Thread-Id 3]
SELECT * FROM kfz;
[2020-12-22 06:34:01 Thread-Id 3]
SELECT * FROM kfz;
[2020-12-22 06:34:02 Thread-Id 3]
SELECT * FROM kfz;
[2020-12-22 06:34:03 Thread-Id 3]
SELECT * FROM kfz;
[2020-12-22 06:34:04 Thread-Id 3]
SELECT * FROM kfz;
[2020-12-22 06:34:05 Thread-Id 3]
SELECT * FROM kfz;
[2020-12-22 06:34:06 Thread-Id 3]
SELECT * FROM kfz;
[2020-12-22 06:34:07 Thread-Id 3]
SELECT * FROM kfz;
[2020-12-22 06:34:08 Thread-Id 3]
SELECT * FROM kfz;
[2020-12-22 06:34:09 Thread-Id 3]
SELECT * FROM kfz;
[2020-12-22 06:34:10 Thread-Id 3]
SELECT * FROM kfz;
[2020-12-22 06:34:11 Thread-Id 3]
SELECT * FROM kfz;
[2020-12-22 06:34:12 Thread-Id 3]
SELECT * FROM kfz;
[2020-12-22 06:34:13 Thread-Id 3]
SELECT * FROM kfz;
[2020-12-22 06:34:14 Thread-Id 3]
SELECT * FROM kfz;
[2020-12-22 06:34:15 Thread-Id 3]
SELECT * FROM kfz;
[2020-12-22 06:34:16 Thread-Id 3]
SELECT * FROM kfz;
[2020-12-22 06:34:17 Thread-Id 3]
SELECT * FROM kfz;
[2020-12-22 06:35:13 Thread-Id 3]
SELECT * FROM kfz;
[2020-12-22 06:35:14 Thread-Id 3]
SELECT * FROM kfz;
[2020-12-22 06:35:15 Thread-Id 3]
SELECT * FROM kfz;
[2020-12-22 06:35:16 Thread-Id 3]
SELECT * FROM kfz;
[2020-12-22 06:35:17 Thread-Id 3]
SELECT * FROM kfz;
[2020-12-22 06:35:18 Thread-Id 3]
SELECT * FROM kfz;
[2020-12-22 06:35:19 Thread-Id 3]
SELECT * FROM kfz;
[2020-12-22 06:35:20 Thread-Id 3]
SELECT * FROM kfz;
[2020-12-22 06:35:21 Thread-Id 3]
SELECT * FROM kfz;
[2020-12-22 06:35:22 Thread-Id 3]
SELECT * FROM kfz;
[2020-12-22 06:35:23 Thread-Id 3]
SELECT * FROM kfz;
[2020-12-22 06:35:24 Thread-Id 3]
SELECT * FROM kfz;
[2020-12-22 06:35:25 Thread-Id 3]
SELECT * FROM kfz;
[2020-12-22 06:35:26 Thread-Id 3]
SELECT * FROM kfz;
[2020-12-22 06:35:27 Thread-Id 3]
SELECT * FROM kfz;
[2020-12-22 06:35:28 Thread-Id 3]
SELECT * FROM kfz;
[2020-12-22 06:35:29 Thread-Id 3]
SELECT * FROM kfz;
[2020-12-22 06:35:30 Thread-Id 3]
SELECT * FROM kfz;
[2020-12-22 06:35:31 Thread-Id 3]
SELECT * FROM kfz;
[2020-12-22 06:35:32 Thread-Id 3]
SELECT * FROM kfz;
[2020-12-22 06:35:33 Thread-Id 3]
SELECT * FROM kfz;
[2020-12-22 06:35:34 Thread-Id 3]
SELECT * FROM kfz;
[2020-12-22 06:35:35 Thread-Id 3]
SELECT * FROM kfz;
[2020-12-22 06:35:36 Thread-Id 3]
SELECT * FROM kfz;
[2020-12-22 06:35:37 Thread-Id 3]
SELECT * FROM kfz;
[2020-12-22 06:35:38 Thread-Id 3]
SELECT * FROM kfz;
[2020-12-22 06:35:39 Thread-Id 3]
SELECT * FROM kfz;
[2020-12-22 06:35:40 Thread-Id 3]
SELECT * FROM kfz;
[2020-12-22 06:35:41 Thread-Id 3]
SELECT * FROM kfz;
[2020-12-22 06:35:42 Thread-Id 3]
SELECT * FROM kfz;
[2020-12-22 06:35:43 Thread-Id 3]
SELECT * FROM kfz;
[2020-12-22 06:35:44 Thread-Id 3]
SELECT * FROM kfz;
[2020-12-22 06:35:45 Thread-Id 3]
SELECT * FROM kfz;
[2020-12-22 06:35:46 Thread-Id 3]
SELECT * FROM kfz;
[2020-12-22 06:35:47 Thread-Id 3]
SELECT * FROM kfz;
[2020-12-22 06:35:48 Thread-Id 3]
SELECT * FROM kfz;
[2020-12-22 06:35:49 Thread-Id 3]
SELECT * FROM kfz;
[2020-12-22 06:35:50 Thread-Id 3]
SELECT * FROM kfz;
[2020-12-22 06:35:51 Thread-Id 3]
SELECT * FROM kfz;
[2020-12-22 06:35:52 Thread-Id 3]
SELECT * FROM kfz;
[2020-12-22 06:35:53 Thread-Id 3]
SELECT * FROM kfz;
[2020-12-22 06:35:54 Thread-Id 3]
SELECT * FROM kfz;
[2020-12-22 06:35:55 Thread-Id 3]
SELECT * FROM kfz;
[2020-12-22 06:35:56 Thread-Id 3]
SELECT * FROM kfz;
[2020-12-22 06:35:57 Thread-Id 3]
SELECT * FROM kfz;
[2020-12-22 06:35:58 Thread-Id 3]
SELECT * FROM kfz;
[2020-12-22 06:35:59 Thread-Id 3]
SELECT * FROM kfz;
[2020-12-22 06:36:00 Thread-Id 3]
SELECT * FROM kfz;
[2020-12-22 06:36:01 Thread-Id 3]
SELECT * FROM kfz;
[2020-12-22 06:36:02 Thread-Id 3]
SELECT * FROM kfz;
[2020-12-22 06:36:03 Thread-Id 3]
SELECT * FROM kfz;
[2020-12-22 06:36:04 Thread-Id 3]
SELECT * FROM kfz;
[2020-12-22 06:36:05 Thread-Id 3]
SELECT * FROM kfz;
[2020-12-22 06:36:06 Thread-Id 3]
SELECT * FROM kfz;
[2020-12-22 06:36:07 Thread-Id 3]
SELECT * FROM kfz;
[2020-12-22 06:50:39 Thread-Id 3]
SELECT * FROM kfz;
[2020-12-22 06:52:10 Thread-Id 3]
SELECT * FROM kfz;
[2020-12-22 06:52:11 Thread-Id 3]
SELECT * FROM kfz;
[2020-12-22 06:52:12 Thread-Id 3]
SELECT * FROM kfz;
[2020-12-22 06:52:13 Thread-Id 3]
SELECT * FROM kfz;
[2020-12-22 06:52:14 Thread-Id 3]
SELECT * FROM kfz;
[2020-12-22 06:52:15 Thread-Id 3]
SELECT * FROM kfz;
[2020-12-22 06:52:16 Thread-Id 3]
SELECT * FROM kfz;
[2020-12-22 06:52:17 Thread-Id 3]
SELECT * FROM kfz;
[2020-12-22 06:52:18 Thread-Id 3]
SELECT * FROM kfz;
[2020-12-22 06:52:19 Thread-Id 3]
SELECT * FROM kfz;
[2020-12-22 06:52:20 Thread-Id 3]
SELECT * FROM kfz;
[2020-12-22 06:52:21 Thread-Id 3]
SELECT * FROM kfz;
[2020-12-22 06:52:22 Thread-Id 3]
SELECT * FROM kfz;
[2020-12-22 06:52:23 Thread-Id 3]
SELECT * FROM kfz;
[2020-12-22 06:52:24 Thread-Id 3]
SELECT * FROM kfz;
[2020-12-22 06:52:25 Thread-Id 3]
SELECT * FROM kfz;
[2020-12-22 06:52:26 Thread-Id 3]
SELECT * FROM kfz;
[2020-12-22 06:52:27 Thread-Id 3]
SELECT * FROM kfz;
[2020-12-22 06:52:28 Thread-Id 3]
SELECT * FROM kfz;
[2020-12-22 06:52:29 Thread-Id 3]
SELECT * FROM kfz;
[2020-12-22 06:52:30 Thread-Id 3]
SELECT * FROM kfz;
[2020-12-22 06:52:31 Thread-Id 3]
SELECT * FROM kfz;
[2020-12-22 06:52:32 Thread-Id 3]
SELECT * FROM kfz;
[2020-12-22 06:52:33 Thread-Id 3]
SELECT * FROM kfz;
[2020-12-22 06:52:34 Thread-Id 3]
SELECT * FROM kfz;
[2020-12-22 06:52:35 Thread-Id 3]
SELECT * FROM kfz;
[2020-12-22 06:52:36 Thread-Id 3]
SELECT * FROM kfz;
[2020-12-22 06:52:37 Thread-Id 3]
SELECT * FROM kfz;
[2020-12-22 06:52:38 Thread-Id 3]
SELECT * FROM kfz;
[2020-12-22 06:52:39 Thread-Id 3]
SELECT * FROM kfz;
[2020-12-22 06:52:40 Thread-Id 3]
SELECT * FROM kfz;
[2020-12-22 06:52:41 Thread-Id 3]
SELECT * FROM kfz;
[2020-12-22 06:52:42 Thread-Id 3]
SELECT * FROM kfz;
[2020-12-22 06:52:43 Thread-Id 3]
SELECT * FROM kfz;
[2020-12-22 06:52:44 Thread-Id 3]
SELECT * FROM kfz;
[2020-12-22 06:52:45 Thread-Id 3]
SELECT * FROM kfz;
[2020-12-22 06:52:46 Thread-Id 3]
SELECT * FROM kfz;
[2020-12-22 06:52:47 Thread-Id 3]
SELECT * FROM kfz;
[2020-12-22 06:52:48 Thread-Id 3]
SELECT * FROM kfz;
[2020-12-22 06:53:03 Thread-Id 3]
SELECT * FROM kfz;
[2020-12-22 06:53:08 Thread-Id 3]
SELECT * FROM kfz;
[2020-12-22 06:53:14 Thread-Id 3]
SELECT * FROM kfz;
[2020-12-22 06:53:23 Thread-Id 3]
SELECT * FROM kfz;
[2020-12-22 06:53:28 Thread-Id 3]
SELECT * FROM kfz;
[2020-12-22 06:53:33 Thread-Id 3]
SELECT * FROM kfz;
[2020-12-22 06:53:41 Thread-Id 3]
SELECT * FROM kfz;
[2020-12-22 06:53:52 Thread-Id 3]
SELECT * FROM kfz;
[2020-12-22 06:54:02 Thread-Id 3]
SELECT * FROM kfz;
[2020-12-22 06:54:11 Thread-Id 1]
INSERT INTO kfz 
                (FahrgestellNr, Kennzeichen, Leistung, Typ) 
                VALUES ('KJAHDS87687678', 'S-PR-9876', 85, 'SUV');
[2020-12-22 06:54:12 Thread-Id 3]
SELECT * FROM kfz;
[2020-12-22 06:54:22 Thread-Id 3]
SELECT * FROM kfz;
[2020-12-22 06:54:32 Thread-Id 3]
SELECT * FROM kfz;
[2020-12-22 06:54:42 Thread-Id 3]
SELECT * FROM kfz;
[2020-12-22 06:56:30 Thread-Id 3]
SELECT * FROM kfz;
[2020-12-22 06:57:17 Thread-Id 3]
SELECT * FROM kfz;
[2020-12-22 06:57:53 Thread-Id 3]
SELECT * FROM kfz;
[2020-12-22 06:57:55 Thread-Id 1]
INSERT INTO kfz 
                (FahrgestellNr, Kennzeichen, Leistung, Typ) 
                VALUES ('KJAHDS87687678', 'S-PR-9876', 85, 'SUV');
[2020-12-22 06:57:55 Thread-Id 1]
INSERT INTO kfz 
                (FahrgestellNr, Kennzeichen, Leistung, Typ) 
                VALUES ('KJAHDS87687678', 'S-PR-9876', 85, 'SUV');
[2020-12-22 06:57:55 Thread-Id 1]
INSERT INTO kfz 
                (FahrgestellNr, Kennzeichen, Leistung, Typ) 
                VALUES ('KJAHDS87687678', 'S-PR-9876', 85, 'SUV');
[2020-12-22 06:57:55 Thread-Id 1]
INSERT INTO kfz 
                (FahrgestellNr, Kennzeichen, Leistung, Typ) 
                VALUES ('KJAHDS87687678', 'S-PR-9876', 85, 'SUV');
[2020-12-22 06:57:56 Thread-Id 1]
INSERT INTO kfz 
                (FahrgestellNr, Kennzeichen, Leistung, Typ) 
                VALUES ('KJAHDS87687678', 'S-PR-9876', 85, 'SUV');
[2020-12-22 06:57:56 Thread-Id 1]
INSERT INTO kfz 
                (FahrgestellNr, Kennzeichen, Leistung, Typ) 
                VALUES ('KJAHDS87687678', 'S-PR-9876', 85, 'SUV');
[2020-12-22 06:57:56 Thread-Id 1]
INSERT INTO kfz 
                (FahrgestellNr, Kennzeichen, Leistung, Typ) 
                VALUES ('KJAHDS87687678', 'S-PR-9876', 85, 'SUV');
[2020-12-22 06:58:03 Thread-Id 3]
SELECT * FROM kfz;
[2020-12-22 06:58:13 Thread-Id 3]
SELECT * FROM kfz;
[2020-12-22 06:58:23 Thread-Id 3]
SELECT * FROM kfz;
[2020-12-22 07:26:17 Thread-Id 3]
SELECT * FROM kfz;
[2020-12-22 07:26:27 Thread-Id 3]
SELECT * FROM kfz;
[2020-12-22 07:26:37 Thread-Id 3]
SELECT * FROM kfz;
[2020-12-22 07:27:40 Thread-Id 3]
SELECT * FROM kfz;
[2020-12-22 07:27:50 Thread-Id 3]
SELECT * FROM kfz;
[2020-12-22 07:28:00 Thread-Id 3]
SELECT * FROM kfz;
[2020-12-22 07:30:49 Thread-Id 3]
SELECT * FROM kfz;
[2020-12-22 07:36:15 Thread-Id 3]
SELECT * FROM kfz;
[2020-12-22 07:36:26 Thread-Id 3]
SELECT * FROM kfz;
[2020-12-22 07:36:52 Thread-Id 3]
SELECT * FROM kfz;
[2020-12-22 07:37:02 Thread-Id 3]
SELECT * FROM kfz;
[2020-12-22 07:37:51 Thread-Id 3]
SELECT * FROM kfz;
[2020-12-22 07:38:09 Thread-Id 3]
SELECT * FROM kfz;
[2020-12-22 07:38:19 Thread-Id 3]
SELECT * FROM kfz;
[2020-12-22 07:38:41 Thread-Id 3]
SELECT * FROM kfz;
[2020-12-22 07:38:51 Thread-Id 3]
SELECT * FROM kfz;
[2020-12-22 07:39:01 Thread-Id 3]
SELECT * FROM kfz;
[2020-12-22 07:39:11 Thread-Id 3]
SELECT * FROM kfz;
[2020-12-22 07:39:21 Thread-Id 3]
SELECT * FROM kfz;
[2020-12-22 07:39:33 Thread-Id 3]
SELECT * FROM kfz;
[2020-12-22 07:39:56 Thread-Id 3]
SELECT * FROM kfz;
[2020-12-22 07:40:07 Thread-Id 3]
SELECT * FROM kfz;
[2020-12-22 08:06:43 Thread-Id 3]
SELECT * FROM kfz;
[2020-12-22 08:06:53 Thread-Id 3]
SELECT * FROM kfz;
[2020-12-22 08:07:03 Thread-Id 3]
SELECT * FROM kfz;
[2020-12-22 08:07:22 Thread-Id 3]
SELECT * FROM kfz;
[2020-12-22 08:12:49 Thread-Id 3]
SELECT * FROM kfz;
[2020-12-22 08:13:08 Thread-Id 3]
SELECT * FROM kfz;
[2020-12-22 08:13:18 Thread-Id 3]
SELECT * FROM kfz;
[2020-12-22 08:13:28 Thread-Id 3]
SELECT * FROM kfz;
[2020-12-22 08:13:38 Thread-Id 3]
SELECT * FROM kfz;
[2020-12-22 08:13:48 Thread-Id 3]
SELECT * FROM kfz;
[2020-12-22 08:16:29 Thread-Id 3]
SELECT * FROM kfz;
[2020-12-22 08:16:59 Thread-Id 3]
SELECT * FROM kfz;
[2020-12-22 08:17:13 Thread-Id 3]
SELECT * FROM kfz;
[2020-12-22 08:21:04 Thread-Id 3]
SELECT * FROM kfz;
[2020-12-22 08:21:22 Thread-Id 3]
SELECT * FROM kfz;
[2020-12-22 08:21:44 Thread-Id 3]
SELECT * FROM kfz;
[2020-12-22 08:22:03 Thread-Id 3]
SELECT * FROM kfz;
[2020-12-22 08:22:25 Thread-Id 3]
SELECT * FROM kfz;
[2020-12-22 08:22:39 Thread-Id 3]
SELECT * FROM kfz;
[2020-12-22 08:23:07 Thread-Id 3]
SELECT * FROM kfz;
[2020-12-22 08:23:43 Thread-Id 3]
SELECT * FROM kfz;
[2020-12-22 08:24:34 Thread-Id 3]
SELECT * FROM kfz;
[2020-12-22 08:25:11 Thread-Id 3]
SELECT * FROM kfz;
[2020-12-22 08:25:27 Thread-Id 3]
SELECT * FROM kfz;
[2020-12-22 08:27:24 Thread-Id 3]
SELECT * FROM kfz;
[2020-12-22 08:27:43 Thread-Id 3]
SELECT * FROM kfz;
[2020-12-22 08:28:03 Thread-Id 3]
SELECT * FROM kfz;
[2020-12-22 08:38:45 Thread-Id 3]
SELECT * FROM kfz;
[2020-12-22 08:38:59 Thread-Id 3]
SELECT * FROM kfz;
[2020-12-22 08:39:12 Thread-Id 3]
SELECT * FROM kfz;
[2020-12-22 08:39:22 Thread-Id 3]
SELECT * FROM kfz;
[2020-12-22 08:39:32 Thread-Id 3]
SELECT * FROM kfz;
[2020-12-22 08:39:42 Thread-Id 3]
SELECT * FROM kfz;
[2020-12-22 08:39:54 Thread-Id 3]
SELECT * FROM kfz;
[2020-12-22 08:40:04 Thread-Id 3]
SELECT * FROM kfz;
[2020-12-22 08:40:14 Thread-Id 3]
SELECT * FROM kfz;
[2020-12-22 08:40:24 Thread-Id 3]
SELECT * FROM kfz;
[2020-12-22 08:40:34 Thread-Id 3]
SELECT * FROM kfz;
[2020-12-22 09:19:15 Thread-Id 3]
SELECT * FROM kfz;
[2020-12-22 09:19:35 Thread-Id 3]
SELECT * FROM kfz;
[2020-12-22 09:19:45 Thread-Id 3]
SELECT * FROM kfz;
[2020-12-22 09:19:55 Thread-Id 3]
SELECT * FROM kfz;
[2020-12-22 09:20:05 Thread-Id 3]
SELECT * FROM kfz;
[2020-12-22 09:20:15 Thread-Id 3]
SELECT * FROM kfz;
[2020-12-22 09:20:25 Thread-Id 3]
SELECT * FROM kfz;
[2020-12-22 09:20:35 Thread-Id 3]
SELECT * FROM kfz;
[2020-12-22 12:32:28 Thread-Id 3]
SELECT * FROM kfz;
[2020-12-22 12:32:33 Thread-Id 3]
SELECT * FROM kfz;
[2020-12-22 12:32:38 Thread-Id 3]
SELECT * FROM kfz;
[2020-12-22 12:32:43 Thread-Id 3]
SELECT * FROM kfz;
[2020-12-22 12:34:32 Thread-Id 3]
SELECT * FROM kfz;
[2020-12-22 12:37:41 Thread-Id 3]
SELECT * FROM kfz;
[2020-12-22 12:42:58 Thread-Id 3]
SELECT * FROM kfz;
[2020-12-22 12:43:06 Thread-Id 3]
SELECT * FROM kfz;
[2020-12-22 12:43:11 Thread-Id 3]
SELECT * FROM kfz;
[2020-12-22 12:46:39 Thread-Id 3]
SELECT * FROM kfz;
[2020-12-22 12:47:03 Thread-Id 3]
SELECT * FROM kfz;
[2020-12-22 12:49:01 Thread-Id 3]
SELECT * FROM kfz;
[2020-12-22 12:49:12 Thread-Id 1]
INSERT INTO kfz 
                (FahrgestellNr, Kennzeichen, Leistung, Typ) 
                VALUES ('KJAHDS87687678', 'S-PR-9876', 85, 'SUV');
[2020-12-22 12:49:15 Thread-Id 3]
SELECT * FROM kfz;
[2020-12-22 12:49:28 Thread-Id 3]
SELECT * FROM kfz;
[2020-12-22 12:49:33 Thread-Id 3]
SELECT * FROM kfz;
[2020-12-22 12:49:38 Thread-Id 3]
SELECT * FROM kfz;
[2020-12-22 12:49:43 Thread-Id 3]
SELECT * FROM kfz;
[2020-12-22 12:49:48 Thread-Id 3]
SELECT * FROM kfz;
[2020-12-22 12:49:53 Thread-Id 3]
SELECT * FROM kfz;
[2020-12-22 12:49:58 Thread-Id 3]
SELECT * FROM kfz;
[2020-12-22 12:50:03 Thread-Id 3]
SELECT * FROM kfz;
[2020-12-22 12:50:08 Thread-Id 3]
SELECT * FROM kfz;
[2020-12-22 12:50:13 Thread-Id 3]
SELECT * FROM kfz;
[2020-12-22 12:50:18 Thread-Id 3]
SELECT * FROM kfz;
[2020-12-22 12:50:23 Thread-Id 3]
SELECT * FROM kfz;
[2020-12-22 12:50:28 Thread-Id 3]
SELECT * FROM kfz;
[2020-12-22 13:03:12 Thread-Id 3]
SELECT * FROM kfz;
[2020-12-22 13:04:36 Thread-Id 3]
SELECT * FROM kfz;
[2020-12-22 13:04:41 Thread-Id 3]
SELECT * FROM kfz;
[2020-12-22 13:04:46 Thread-Id 3]
SELECT * FROM kfz;
[2020-12-22 13:04:47 Thread-Id 1]
INSERT INTO kfz 
                (FahrgestellNr, Kennzeichen, Leistung, Typ) 
                VALUES ('KJAHDS87687678', 'S-PR-9876', 85, 'SUV');
[2020-12-22 13:04:51 Thread-Id 3]
SELECT * FROM kfz;
[2020-12-22 13:04:56 Thread-Id 3]
SELECT * FROM kfz;
[2020-12-22 13:05:01 Thread-Id 3]
SELECT * FROM kfz;
[2020-12-22 13:05:06 Thread-Id 3]
SELECT * FROM kfz;
[2020-12-22 13:05:11 Thread-Id 3]
SELECT * FROM kfz;
[2020-12-22 14:32:25 Thread-Id 3]
SELECT * FROM kfz;
[2020-12-22 14:32:30 Thread-Id 3]
SELECT * FROM kfz;
[2020-12-22 14:32:35 Thread-Id 3]
SELECT * FROM kfz;
[2020-12-22 14:32:40 Thread-Id 3]
SELECT * FROM kfz;
[2020-12-22 14:32:45 Thread-Id 3]
SELECT * FROM kfz;
[2020-12-22 14:32:50 Thread-Id 3]
SELECT * FROM kfz;
[2020-12-22 14:32:55 Thread-Id 3]
SELECT * FROM kfz;
[2020-12-22 14:33:00 Thread-Id 3]
SELECT * FROM kfz;
[2020-12-22 14:33:05 Thread-Id 3]
SELECT * FROM kfz;
[2020-12-22 14:33:10 Thread-Id 3]
SELECT * FROM kfz;
[2020-12-22 14:33:15 Thread-Id 3]
SELECT * FROM kfz;
[2020-12-22 14:33:20 Thread-Id 3]
SELECT * FROM kfz;
[2020-12-22 14:33:25 Thread-Id 3]
SELECT * FROM kfz;
[2020-12-22 14:33:30 Thread-Id 3]
SELECT * FROM kfz;
[2020-12-22 14:33:35 Thread-Id 3]
SELECT * FROM kfz;
[2020-12-22 14:33:40 Thread-Id 3]
SELECT * FROM kfz;
[2020-12-22 14:33:45 Thread-Id 3]
SELECT * FROM kfz;
[2020-12-22 14:33:50 Thread-Id 3]
SELECT * FROM kfz;
[2020-12-23 07:04:37 Thread-Id 3]
SELECT * FROM kfz;
[2020-12-23 07:04:43 Thread-Id 3]
SELECT * FROM kfz;
[2020-12-23 07:04:48 Thread-Id 3]
SELECT * FROM kfz;
[2020-12-23 07:04:53 Thread-Id 3]
SELECT * FROM kfz;
[2020-12-23 15:20:18 Thread-Id 3]
SELECT * FROM kfz;
[2020-12-23 15:20:23 Thread-Id 3]
SELECT * FROM kfz;
[2020-12-23 15:20:28 Thread-Id 3]
SELECT * FROM kfz;
[2020-12-27 07:21:24 Thread-Id 3]
SELECT * FROM kfz;
[2020-12-27 07:21:30 Thread-Id 3]
SELECT * FROM kfz;
[2020-12-27 07:21:35 Thread-Id 3]
SELECT * FROM kfz;
[2020-12-27 07:21:40 Thread-Id 3]
SELECT * FROM kfz;
[2020-12-27 07:22:39 Thread-Id 3]
SELECT * FROM kfz;
[2020-12-27 07:22:43 Thread-Id 1]
INSERT INTO kfz 
                (FahrgestellNr, Kennzeichen, Leistung, Typ) 
                VALUES ('KJAHDS87687678', 'S-PR-9876', 85, 'SUV');
[2020-12-27 07:22:45 Thread-Id 3]
SELECT * FROM kfz;
[2020-12-27 07:22:50 Thread-Id 3]
SELECT * FROM kfz;
[2020-12-27 07:22:55 Thread-Id 3]
SELECT * FROM kfz;
[2020-12-27 07:23:00 Thread-Id 3]
SELECT * FROM kfz;
[2020-12-27 07:23:05 Thread-Id 3]
SELECT * FROM kfz;
[2020-12-27 07:23:10 Thread-Id 3]
SELECT * FROM kfz;
[2020-12-27 07:23:15 Thread-Id 3]
SELECT * FROM kfz;
[2020-12-27 07:23:20 Thread-Id 3]
SELECT * FROM kfz;
[2020-12-27 07:23:25 Thread-Id 3]
SELECT * FROM kfz;
[2020-12-27 07:25:41 Thread-Id 3]
SELECT * FROM kfz;
[2020-12-27 07:25:50 Thread-Id 3]
SELECT * FROM kfz;
[2020-12-27 07:26:01 Thread-Id 3]
SELECT * FROM kfz;
[2020-12-27 07:28:10 Thread-Id 3]
SELECT * FROM kfz;
[2020-12-27 07:31:37 Thread-Id 3]
SELECT * FROM kfz;
[2020-12-27 07:31:56 Thread-Id 3]
SELECT * FROM kfz;
[2020-12-27 07:32:01 Thread-Id 3]
SELECT * FROM kfz;
[2020-12-27 07:32:06 Thread-Id 3]
SELECT * FROM kfz;
[2020-12-27 07:33:00 Thread-Id 3]
SELECT * FROM kfz;
[2020-12-27 07:33:21 Thread-Id 3]
SELECT * FROM kfz;
[2020-12-27 07:33:32 Thread-Id 3]
SELECT * FROM kfz;
[2020-12-27 07:33:38 Thread-Id 3]
SELECT * FROM kfz;
[2020-12-27 07:33:43 Thread-Id 3]
SELECT * FROM kfz;
[2020-12-27 07:33:48 Thread-Id 3]
SELECT * FROM kfz;
[2020-12-27 07:34:05 Thread-Id 3]
SELECT * FROM kfz;
[2020-12-27 07:34:15 Thread-Id 3]
SELECT * FROM kfz;
[2020-12-27 07:34:49 Thread-Id 3]
SELECT * FROM kfz;
[2020-12-27 07:35:08 Thread-Id 3]
SELECT * FROM kfz;
[2020-12-27 07:35:13 Thread-Id 3]
SELECT * FROM kfz;
[2020-12-27 07:35:18 Thread-Id 3]
SELECT * FROM kfz;
[2020-12-27 07:35:23 Thread-Id 3]
SELECT * FROM kfz;
[2020-12-27 07:36:01 Thread-Id 3]
SELECT * FROM kfz;
[2020-12-27 07:36:10 Thread-Id 3]
SELECT * FROM kfz;
[2020-12-27 07:37:24 Thread-Id 3]
SELECT * FROM kfz;
[2020-12-27 07:37:30 Thread-Id 3]
SELECT * FROM kfz;
[2020-12-27 07:37:35 Thread-Id 3]
SELECT * FROM kfz;
[2020-12-27 07:37:43 Thread-Id 3]
SELECT * FROM kfz;
[2020-12-27 07:37:48 Thread-Id 3]
SELECT * FROM kfz;
[2020-12-27 07:37:53 Thread-Id 3]
SELECT * FROM kfz;
[2020-12-27 07:37:58 Thread-Id 3]
SELECT * FROM kfz;
[2020-12-27 07:38:03 Thread-Id 3]
SELECT * FROM kfz;
[2020-12-27 07:38:08 Thread-Id 3]
SELECT * FROM kfz;
[2020-12-27 07:38:19 Thread-Id 3]
SELECT * FROM kfz;
[2020-12-27 07:38:35 Thread-Id 3]
SELECT * FROM kfz;
[2020-12-27 07:38:40 Thread-Id 3]
SELECT * FROM kfz;
[2020-12-27 07:38:45 Thread-Id 3]
SELECT * FROM kfz;
[2020-12-27 07:38:50 Thread-Id 3]
SELECT * FROM kfz;
[2020-12-27 07:38:56 Thread-Id 3]
SELECT * FROM kfz;
[2020-12-27 07:39:01 Thread-Id 3]
SELECT * FROM kfz;
[2020-12-27 07:39:06 Thread-Id 3]
SELECT * FROM kfz;
[2020-12-27 07:39:11 Thread-Id 3]
SELECT * FROM kfz;
[2020-12-27 07:39:16 Thread-Id 3]
SELECT * FROM kfz;
[2020-12-27 07:49:59 Thread-Id 3]
SELECT * FROM kfz;
[2020-12-27 07:50:04 Thread-Id 3]
SELECT * FROM kfz;
[2020-12-27 07:50:09 Thread-Id 3]
SELECT * FROM kfz;
[2020-12-27 07:50:14 Thread-Id 3]
SELECT * FROM kfz;
[2020-12-27 07:50:22 Thread-Id 3]
SELECT * FROM kfz;
[2020-12-27 07:54:25 Thread-Id 3]
SELECT * FROM kfz;
[2020-12-27 07:54:35 Thread-Id 3]
SELECT * FROM kfz;
[2020-12-27 07:54:47 Thread-Id 3]
SELECT * FROM kfz;
[2020-12-27 07:54:52 Thread-Id 3]
SELECT * FROM kfz;
[2020-12-27 07:54:57 Thread-Id 3]
SELECT * FROM kfz;
[2020-12-27 07:55:02 Thread-Id 3]
SELECT * FROM kfz;
[2020-12-27 07:55:09 Thread-Id 3]
SELECT * FROM kfz;
[2020-12-27 07:55:23 Thread-Id 3]
SELECT * FROM kfz;
[2020-12-27 07:55:29 Thread-Id 3]
SELECT * FROM kfz;
[2020-12-27 07:55:34 Thread-Id 3]
SELECT * FROM kfz;
[2020-12-27 07:55:42 Thread-Id 3]
SELECT * FROM kfz;
[2020-12-27 07:55:45 Thread-Id 1]
UPDATE kfz SET typ = 'LKW' WHERE idkfz=3;
[2020-12-27 07:55:47 Thread-Id 3]
SELECT * FROM kfz;
[2020-12-27 07:55:52 Thread-Id 3]
SELECT * FROM kfz;
[2020-12-27 07:55:57 Thread-Id 3]
SELECT * FROM kfz;
[2020-12-27 07:56:02 Thread-Id 3]
SELECT * FROM kfz;
[2020-12-27 07:56:07 Thread-Id 3]
SELECT * FROM kfz;
[2020-12-27 07:56:12 Thread-Id 3]
SELECT * FROM kfz;
[2020-12-27 07:56:17 Thread-Id 3]
SELECT * FROM kfz;
[2020-12-27 07:56:22 Thread-Id 3]
SELECT * FROM kfz;
[2020-12-27 07:56:27 Thread-Id 3]
SELECT * FROM kfz;
[2020-12-27 07:56:32 Thread-Id 3]
SELECT * FROM kfz;
[2020-12-27 07:56:37 Thread-Id 3]
SELECT * FROM kfz;
[2020-12-27 07:56:42 Thread-Id 3]
SELECT * FROM kfz;
[2020-12-27 07:56:47 Thread-Id 3]
SELECT * FROM kfz;
[2020-12-27 07:56:52 Thread-Id 3]
SELECT * FROM kfz;
[2020-12-27 07:56:57 Thread-Id 3]
SELECT * FROM kfz;
[2020-12-27 07:57:02 Thread-Id 3]
SELECT * FROM kfz;
[2020-12-27 07:57:07 Thread-Id 3]
SELECT * FROM kfz;
[2020-12-27 08:17:01 Thread-Id 3]
SELECT * FROM kfz;
[2020-12-27 08:17:14 Thread-Id 3]
SELECT * FROM kfz;
[2020-12-27 08:17:19 Thread-Id 3]
SELECT * FROM kfz;
[2020-12-27 08:17:26 Thread-Id 3]
SELECT * FROM kfz;
[2020-12-27 08:17:32 Thread-Id 3]
SELECT * FROM kfz;
[2020-12-27 08:17:32 Thread-Id 1]
UPDATE kfz SET typ = 'Limousine' WHERE idkfz=3;
[2020-12-27 08:17:37 Thread-Id 3]
SELECT * FROM kfz;
[2020-12-27 08:18:54 Thread-Id 3]
SELECT * FROM kfz;
[2020-12-27 08:19:02 Thread-Id 3]
SELECT * FROM kfz;
[2020-12-27 08:19:07 Thread-Id 3]
SELECT * FROM kfz;
[2020-12-27 08:19:12 Thread-Id 3]
SELECT * FROM kfz;
[2020-12-27 08:19:17 Thread-Id 3]
SELECT * FROM kfz;
[2020-12-27 08:19:27 Thread-Id 3]
SELECT * FROM kfz;
[2020-12-27 08:19:50 Thread-Id 3]
SELECT * FROM kfz;
[2020-12-27 08:19:55 Thread-Id 3]
SELECT * FROM kfz;
[2020-12-27 08:20:00 Thread-Id 3]
SELECT * FROM kfz;
[2020-12-27 08:20:05 Thread-Id 3]
SELECT * FROM kfz;
[2020-12-27 08:20:10 Thread-Id 3]
SELECT * FROM kfz;
[2020-12-27 08:20:29 Thread-Id 3]
SELECT * FROM kfz;
[2020-12-27 08:21:43 Thread-Id 3]
SELECT * FROM kfz;
[2020-12-27 08:29:26 Thread-Id 3]
SELECT * FROM kfz;
[2020-12-27 08:29:41 Thread-Id 3]
SELECT * FROM kfz;
[2020-12-27 08:30:02 Thread-Id 4]
SELECT * FROM kfz;
[2020-12-27 08:30:28 Thread-Id 3]
SELECT * FROM kfz;
[2020-12-27 08:31:08 Thread-Id 3]
SELECT * FROM kfz;
[2020-12-27 08:31:43 Thread-Id 3]
SELECT * FROM kfz;
[2020-12-27 08:33:01 Thread-Id 4]
SELECT * FROM kfz;
[2020-12-27 08:34:46 Thread-Id 3]
SELECT * FROM kfz;
[2020-12-27 08:34:59 Thread-Id 3]
SELECT * FROM kfz;
[2020-12-27 08:35:04 Thread-Id 3]
SELECT * FROM kfz;
[2020-12-27 08:35:09 Thread-Id 3]
SELECT * FROM kfz;
[2020-12-27 08:35:15 Thread-Id 3]
SELECT * FROM kfz;
[2020-12-27 08:35:18 Thread-Id 1]
UPDATE kfz SET typ = 'LKW' WHERE idkfz=3;
[2020-12-27 08:35:21 Thread-Id 3]
SELECT * FROM kfz;
[2020-12-27 08:35:26 Thread-Id 3]
SELECT * FROM kfz;
[2020-12-28 07:23:59 Thread-Id 3]
SELECT * FROM kfz;
[2020-12-28 07:24:04 Thread-Id 3]
SELECT * FROM kfz;
[2020-12-28 07:24:26 Thread-Id 3]
SELECT * FROM kfz;
[2020-12-28 07:24:32 Thread-Id 3]
SELECT * FROM kfz;
[2020-12-28 07:24:38 Thread-Id 3]
SELECT * FROM kfz;
[2020-12-28 07:24:43 Thread-Id 3]
SELECT * FROM kfz;
[2020-12-28 07:24:47 Thread-Id 1]
INSERT INTO kfz 
                (FahrgestellNr, Kennzeichen, Leistung, Typ) 
                VALUES ('KJAHDS87687678', 'S-PR-9876', 85, 'SUV');
[2020-12-28 07:24:48 Thread-Id 3]
SELECT * FROM kfz;
[2020-12-28 07:24:53 Thread-Id 3]
SELECT * FROM kfz;
[2020-12-28 07:24:58 Thread-Id 3]
SELECT * FROM kfz;
[2020-12-28 07:25:03 Thread-Id 3]
SELECT * FROM kfz;
[2020-12-28 07:25:08 Thread-Id 3]
SELECT * FROM kfz;
[2020-12-28 07:25:13 Thread-Id 3]
SELECT * FROM kfz;
[2020-12-28 07:25:18 Thread-Id 3]
SELECT * FROM kfz;
[2020-12-28 07:38:41 Thread-Id 3]
SELECT * FROM kfz;
[2020-12-28 07:38:46 Thread-Id 3]
SELECT * FROM kfz;
[2020-12-28 07:38:51 Thread-Id 3]
SELECT * FROM kfz;
[2020-12-28 07:38:56 Thread-Id 3]
SELECT * FROM kfz;
[2020-12-28 07:39:01 Thread-Id 3]
SELECT * FROM kfz;
[2020-12-28 07:39:46 Thread-Id 3]
SELECT * FROM kfz;
[2020-12-28 07:39:51 Thread-Id 3]
SELECT * FROM kfz;
[2020-12-28 07:40:08 Thread-Id 3]
SELECT * FROM kfz;
[2020-12-28 07:40:55 Thread-Id 3]
SELECT * FROM kfz;
[2020-12-28 07:41:00 Thread-Id 3]
SELECT * FROM kfz;
[2020-12-28 07:41:05 Thread-Id 3]
SELECT * FROM kfz;
[2020-12-28 07:41:10 Thread-Id 3]
SELECT * FROM kfz;
[2020-12-28 07:41:25 Thread-Id 3]
SELECT * FROM kfz;
[2020-12-28 07:41:30 Thread-Id 3]
SELECT * FROM kfz;
[2020-12-28 07:48:11 Thread-Id 3]
SELECT * FROM kfz;
[2020-12-28 07:48:16 Thread-Id 3]
SELECT * FROM kfz;
[2020-12-28 07:48:21 Thread-Id 3]
SELECT * FROM kfz;
[2020-12-28 07:53:27 Thread-Id 3]
SELECT * FROM kfz;
[2020-12-28 07:55:02 Thread-Id 3]
SELECT * FROM kfz;
[2020-12-28 07:55:07 Thread-Id 3]
SELECT * FROM kfz;
[2020-12-28 07:55:12 Thread-Id 3]
SELECT * FROM kfz;
[2020-12-28 07:56:35 Thread-Id 3]
SELECT * FROM kfz;
[2020-12-28 07:56:40 Thread-Id 3]
SELECT * FROM kfz;
[2020-12-28 07:59:12 Thread-Id 3]
SELECT * FROM kfz;
[2020-12-28 07:59:17 Thread-Id 3]
SELECT * FROM kfz;
[2020-12-28 08:00:33 Thread-Id 3]
SELECT * FROM kfz;
[2020-12-28 08:00:38 Thread-Id 3]
SELECT * FROM kfz;
[2020-12-28 08:00:43 Thread-Id 3]
SELECT * FROM kfz;
[2020-12-28 08:00:48 Thread-Id 3]
SELECT * FROM kfz;
[2020-12-28 08:00:53 Thread-Id 3]
SELECT * FROM kfz;
[2020-12-28 08:00:58 Thread-Id 3]
SELECT * FROM kfz;
[2020-12-28 08:01:03 Thread-Id 3]
SELECT * FROM kfz;
[2020-12-28 08:01:08 Thread-Id 3]
SELECT * FROM kfz;
[2020-12-28 08:01:13 Thread-Id 3]
SELECT * FROM kfz;
[2020-12-28 08:01:48 Thread-Id 3]
SELECT * FROM kfz;
[2020-12-28 08:01:53 Thread-Id 3]
SELECT * FROM kfz;
[2020-12-28 08:01:58 Thread-Id 3]
SELECT * FROM kfz;
[2020-12-28 08:02:03 Thread-Id 3]
SELECT * FROM kfz;
[2020-12-28 08:02:08 Thread-Id 3]
SELECT * FROM kfz;
[2020-12-28 08:02:13 Thread-Id 3]
SELECT * FROM kfz;
[2020-12-28 08:02:18 Thread-Id 3]
SELECT * FROM kfz;
[2020-12-28 08:02:23 Thread-Id 3]
SELECT * FROM kfz;
[2020-12-28 08:08:21 Thread-Id 3]
SELECT * FROM kfz;
[2020-12-28 08:08:26 Thread-Id 3]
SELECT * FROM kfz;
[2020-12-28 08:08:31 Thread-Id 3]
SELECT * FROM kfz;
[2020-12-28 08:08:36 Thread-Id 3]
SELECT * FROM kfz;
[2020-12-28 08:08:41 Thread-Id 3]
SELECT * FROM kfz;
[2020-12-28 08:08:46 Thread-Id 3]
SELECT * FROM kfz;
[2020-12-28 08:08:51 Thread-Id 3]
SELECT * FROM kfz;
[2020-12-28 08:08:56 Thread-Id 3]
SELECT * FROM kfz;
[2020-12-28 08:09:01 Thread-Id 3]
SELECT * FROM kfz;
[2020-12-28 08:11:43 Thread-Id 3]
SELECT * FROM kfz;
[2020-12-28 08:11:48 Thread-Id 3]
SELECT * FROM kfz;
[2020-12-28 08:11:53 Thread-Id 3]
SELECT * FROM kfz;
[2020-12-28 08:11:58 Thread-Id 3]
SELECT * FROM kfz;
[2020-12-28 08:12:03 Thread-Id 3]
SELECT * FROM kfz;
[2020-12-28 08:12:08 Thread-Id 3]
SELECT * FROM kfz;
[2020-12-28 08:13:54 Thread-Id 3]
SELECT * FROM kfz;
[2020-12-28 08:14:00 Thread-Id 3]
SELECT * FROM kfz;
[2020-12-28 08:14:03 Thread-Id 1]
INSERT INTO kfz 
                (FahrgestellNr, Kennzeichen, Leistung, Typ) 
                VALUES ('KJAHDS87687678', 'S-PR-9876', 85, 'SUV');
[2020-12-28 08:14:05 Thread-Id 3]
SELECT * FROM kfz;
[2020-12-28 08:14:10 Thread-Id 3]
SELECT * FROM kfz;
[2020-12-28 08:14:15 Thread-Id 3]
SELECT * FROM kfz;
[2020-12-28 08:14:20 Thread-Id 3]
SELECT * FROM kfz;
[2020-12-28 08:14:25 Thread-Id 3]
SELECT * FROM kfz;
[2020-12-28 08:14:55 Thread-Id 3]
SELECT * FROM kfz;
[2020-12-28 08:15:00 Thread-Id 3]
SELECT * FROM kfz;
[2020-12-28 08:15:12 Thread-Id 3]
SELECT * FROM kfz;
[2020-12-28 08:15:16 Thread-Id 1]
UPDATE kfz SET typ = 'LKW' WHERE idkfz=3;
[2020-12-28 08:15:18 Thread-Id 3]
SELECT * FROM kfz;
[2020-12-28 08:15:23 Thread-Id 3]
SELECT * FROM kfz;
[2020-12-28 08:15:28 Thread-Id 3]
SELECT * FROM kfz;
[2020-12-28 08:15:33 Thread-Id 3]
SELECT * FROM kfz;
[2020-12-28 08:15:38 Thread-Id 3]
SELECT * FROM kfz;
[2020-12-28 08:15:43 Thread-Id 3]
SELECT * FROM kfz;
[2020-12-28 08:15:44 Thread-Id 1]
INSERT INTO kfz 
                (FahrgestellNr, Kennzeichen, Leistung, Typ) 
                VALUES ('KJAHDS87687678', 'S-PR-9876', 85, 'SUV');
[2020-12-28 08:15:48 Thread-Id 3]
SELECT * FROM kfz;
[2020-12-28 08:15:53 Thread-Id 3]
SELECT * FROM kfz;
[2020-12-28 08:15:58 Thread-Id 3]
SELECT * FROM kfz;
[2020-12-28 08:16:03 Thread-Id 3]
SELECT * FROM kfz;
[2020-12-28 08:17:09 Thread-Id 3]
SELECT * FROM kfz;
[2020-12-28 08:17:12 Thread-Id 1]
INSERT INTO kfz 
                (FahrgestellNr, Kennzeichen, Leistung, Typ) 
                VALUES ('KJAHDS87687678', 'S-PR-9876', 85, 'SUV');
[2020-12-28 08:17:14 Thread-Id 3]
SELECT * FROM kfz;
[2020-12-28 08:17:19 Thread-Id 3]
SELECT * FROM kfz;
[2020-12-28 08:17:24 Thread-Id 3]
SELECT * FROM kfz;
[2020-12-28 08:17:29 Thread-Id 3]
SELECT * FROM kfz;
[2020-12-28 08:17:34 Thread-Id 3]
SELECT * FROM kfz;
[2020-12-28 08:17:39 Thread-Id 3]
SELECT * FROM kfz;
[2020-12-28 08:17:44 Thread-Id 3]
SELECT * FROM kfz;
[2020-12-28 08:17:49 Thread-Id 3]
SELECT * FROM kfz;
[2020-12-28 08:17:54 Thread-Id 3]
SELECT * FROM kfz;
[2020-12-28 08:17:59 Thread-Id 3]
SELECT * FROM kfz;
[2020-12-28 08:18:04 Thread-Id 3]
SELECT * FROM kfz;
[2020-12-28 08:19:23 Thread-Id 3]
SELECT * FROM kfz;
[2020-12-28 08:19:28 Thread-Id 3]
SELECT * FROM kfz;
[2020-12-28 08:19:32 Thread-Id 1]
INSERT INTO kfz 
                (FahrgestellNr, Kennzeichen, Leistung, Typ) 
                VALUES ('KJAHDS87687678', 'S-PR-9876', 85, 'SUV');
[2020-12-28 08:19:32 Thread-Id 1]
INSERT INTO kfz 
                (FahrgestellNr, Kennzeichen, Leistung, Typ) 
                VALUES ('KJAHDS87687678', 'S-PR-9876', 85, 'SUV');
[2020-12-28 08:19:33 Thread-Id 1]
INSERT INTO kfz 
                (FahrgestellNr, Kennzeichen, Leistung, Typ) 
                VALUES ('KJAHDS87687678', 'S-PR-9876', 85, 'SUV');
[2020-12-28 08:19:33 Thread-Id 3]
SELECT * FROM kfz;
[2020-12-28 08:19:38 Thread-Id 3]
SELECT * FROM kfz;
[2020-12-28 08:19:43 Thread-Id 3]
SELECT * FROM kfz;
[2020-12-28 08:19:48 Thread-Id 3]
SELECT * FROM kfz;
[2020-12-28 08:19:53 Thread-Id 3]
SELECT * FROM kfz;
[2020-12-28 08:19:58 Thread-Id 3]
SELECT * FROM kfz;
[2020-12-28 08:20:03 Thread-Id 3]
SELECT * FROM kfz;
[2020-12-28 08:20:08 Thread-Id 3]
SELECT * FROM kfz;
[2020-12-28 08:20:13 Thread-Id 3]
SELECT * FROM kfz;
[2020-12-28 08:20:18 Thread-Id 3]
SELECT * FROM kfz;
[2020-12-28 08:21:03 Thread-Id 3]
SELECT * FROM kfz;
[2020-12-28 08:21:08 Thread-Id 3]
SELECT * FROM kfz;
[2020-12-28 08:21:13 Thread-Id 3]
SELECT * FROM kfz;
[2020-12-28 08:21:13 Thread-Id 1]
INSERT INTO kfz 
                (FahrgestellNr, Kennzeichen, Leistung, Typ) 
                VALUES ('KJAHDS87687678', 'S-PR-9876', 85, 'SUV');
[2020-12-28 08:21:18 Thread-Id 3]
SELECT * FROM kfz;
[2020-12-28 08:21:23 Thread-Id 3]
SELECT * FROM kfz;
[2020-12-28 08:21:28 Thread-Id 3]
SELECT * FROM kfz;
[2020-12-28 08:21:33 Thread-Id 3]
SELECT * FROM kfz;
[2020-12-28 08:21:38 Thread-Id 3]
SELECT * FROM kfz;
[2020-12-28 08:21:43 Thread-Id 3]
SELECT * FROM kfz;
[2020-12-28 08:21:48 Thread-Id 3]
SELECT * FROM kfz;
[2020-12-28 08:21:53 Thread-Id 3]
SELECT * FROM kfz;
[2020-12-28 08:21:58 Thread-Id 3]
SELECT * FROM kfz;
[2020-12-28 08:22:03 Thread-Id 3]
SELECT * FROM kfz;
[2020-12-28 08:22:08 Thread-Id 3]
SELECT * FROM kfz;
[2020-12-28 08:22:13 Thread-Id 3]
SELECT * FROM kfz;
[2020-12-28 08:22:22 Thread-Id 3]
SELECT * FROM kfz;
[2020-12-28 08:22:28 Thread-Id 3]
SELECT * FROM kfz;
[2020-12-28 08:22:31 Thread-Id 1]
INSERT INTO kfz 
                (FahrgestellNr, Kennzeichen, Leistung, Typ) 
                VALUES ('KJAHDS87687678', 'S-PR-9876', 85, 'SUV');
[2020-12-28 08:22:33 Thread-Id 3]
SELECT * FROM kfz;
[2020-12-28 08:22:38 Thread-Id 3]
SELECT * FROM kfz;
[2020-12-28 08:22:43 Thread-Id 3]
SELECT * FROM kfz;
[2020-12-28 08:22:48 Thread-Id 3]
SELECT * FROM kfz;
[2020-12-29 03:33:05 Thread-Id 3]
SELECT * FROM kfz;
[2020-12-29 03:33:10 Thread-Id 3]
SELECT * FROM kfz;
[2020-12-29 03:33:15 Thread-Id 3]
SELECT * FROM kfz;
[2020-12-29 03:33:20 Thread-Id 3]
SELECT * FROM kfz;
[2020-12-29 03:33:25 Thread-Id 3]
SELECT * FROM kfz;
[2020-12-29 03:33:30 Thread-Id 3]
SELECT * FROM kfz;
[2020-12-29 03:33:35 Thread-Id 3]
SELECT * FROM kfz;
[2020-12-29 03:33:40 Thread-Id 3]
SELECT * FROM kfz;
[2020-12-29 03:33:45 Thread-Id 3]
SELECT * FROM kfz;
[2020-12-29 03:33:50 Thread-Id 3]
SELECT * FROM kfz;
[2020-12-29 03:33:55 Thread-Id 3]
SELECT * FROM kfz;
[2020-12-29 03:34:00 Thread-Id 3]
SELECT * FROM kfz;
[2020-12-29 03:34:05 Thread-Id 3]
SELECT * FROM kfz;
[2020-12-29 03:34:10 Thread-Id 3]
SELECT * FROM kfz;
[2020-12-29 03:34:15 Thread-Id 3]
SELECT * FROM kfz;
[2020-12-29 03:34:20 Thread-Id 3]
SELECT * FROM kfz;
[2020-12-29 03:34:25 Thread-Id 3]
SELECT * FROM kfz;
[2020-12-29 03:34:30 Thread-Id 3]
SELECT * FROM kfz;
[2020-12-29 03:34:35 Thread-Id 3]
SELECT * FROM kfz;
[2020-12-29 03:42:45 Thread-Id 3]
SELECT * FROM kfz;
[2020-12-29 03:43:42 Thread-Id 3]
SELECT * FROM kfz;
[2020-12-29 03:43:47 Thread-Id 3]
SELECT * FROM kfz;
[2020-12-29 03:56:13 Thread-Id 3]
SELECT * FROM kfz;
[2020-12-29 03:56:22 Thread-Id 3]
SELECT * FROM kfz;
[2020-12-29 03:56:27 Thread-Id 3]
SELECT * FROM kfz;
[2020-12-29 03:56:32 Thread-Id 3]
SELECT * FROM kfz;
[2020-12-29 03:56:32 Thread-Id 1]
UPDATE kfz SET typ = 'LKW' WHERE idkfz=3;
[2020-12-29 03:56:37 Thread-Id 3]
SELECT * FROM kfz;
[2020-12-29 03:56:42 Thread-Id 3]
SELECT * FROM kfz;
[2020-12-29 03:57:52 Thread-Id 3]
SELECT * FROM kfz;
[2020-12-29 03:59:02 Thread-Id 3]
SELECT * FROM kfz;
[2020-12-29 03:59:16 Thread-Id 3]
SELECT * FROM kfz;
[2020-12-29 03:59:21 Thread-Id 3]
SELECT * FROM kfz;
[2020-12-29 03:59:25 Thread-Id 1]
UPDATE kfz SET typ = 'Limousine' WHERE idkfz=3;
[2020-12-29 03:59:26 Thread-Id 3]
SELECT * FROM kfz;
[2020-12-29 04:00:25 Thread-Id 3]
SELECT * FROM kfz;
[2020-12-29 04:01:27 Thread-Id 3]
SELECT * FROM kfz;
[2020-12-29 04:03:07 Thread-Id 3]
SELECT * FROM kfz;
[2020-12-29 04:03:12 Thread-Id 3]
SELECT * FROM kfz;
[2020-12-29 04:09:15 Thread-Id 3]
SELECT * FROM kfz;
[2020-12-29 04:09:24 Thread-Id 3]
SELECT * FROM kfz;
[2020-12-29 04:09:29 Thread-Id 3]
SELECT * FROM kfz;
[2020-12-29 04:09:34 Thread-Id 1]
INSERT INTO kfz 
                (FahrgestellNr, Kennzeichen, Leistung, Typ) 
                VALUES ('KJAHDS87687678', 'S-PR-9876', 85, 'SUV');
[2020-12-29 04:09:34 Thread-Id 3]
SELECT * FROM kfz;
[2020-12-29 04:09:39 Thread-Id 3]
SELECT * FROM kfz;
[2020-12-29 04:09:44 Thread-Id 3]
SELECT * FROM kfz;
[2020-12-29 04:09:49 Thread-Id 3]
SELECT * FROM kfz;
[2020-12-29 04:09:54 Thread-Id 3]
SELECT * FROM kfz;
[2020-12-29 04:09:59 Thread-Id 3]
SELECT * FROM kfz;
[2020-12-29 04:10:04 Thread-Id 3]
SELECT * FROM kfz;
[2020-12-29 04:10:09 Thread-Id 3]
SELECT * FROM kfz;
[2020-12-29 04:10:14 Thread-Id 3]
SELECT * FROM kfz;
[2020-12-29 04:10:19 Thread-Id 3]
SELECT * FROM kfz;
[2020-12-29 04:10:24 Thread-Id 3]
SELECT * FROM kfz;
[2020-12-29 04:10:29 Thread-Id 3]
SELECT * FROM kfz;
[2020-12-29 04:10:34 Thread-Id 3]
SELECT * FROM kfz;
[2020-12-29 04:10:39 Thread-Id 3]
SELECT * FROM kfz;
[2020-12-29 04:10:44 Thread-Id 3]
SELECT * FROM kfz;
[2020-12-29 04:10:49 Thread-Id 3]
SELECT * FROM kfz;
[2020-12-29 04:10:54 Thread-Id 3]
SELECT * FROM kfz;
[2020-12-29 04:10:59 Thread-Id 3]
SELECT * FROM kfz;
[2020-12-29 04:11:05 Thread-Id 3]
SELECT * FROM kfz;
[2020-12-29 04:11:10 Thread-Id 3]
SELECT * FROM kfz;
[2020-12-29 04:11:15 Thread-Id 3]
SELECT * FROM kfz;
[2020-12-29 04:11:20 Thread-Id 3]
SELECT * FROM kfz;
[2020-12-29 04:11:25 Thread-Id 3]
SELECT * FROM kfz;
[2020-12-29 04:11:30 Thread-Id 3]
SELECT * FROM kfz;
[2020-12-29 04:17:28 Thread-Id 3]
SELECT * FROM kfz;
[2020-12-29 04:17:33 Thread-Id 3]
SELECT * FROM kfz;
[2020-12-29 04:18:11 Thread-Id 3]
SELECT * FROM kfz;
[2020-12-29 04:18:27 Thread-Id 3]
SELECT * FROM kfz;
[2020-12-29 04:18:33 Thread-Id 3]
SELECT * FROM kfz;
[2020-12-29 04:19:51 Thread-Id 3]
SELECT * FROM kfz;
[2020-12-29 04:20:02 Thread-Id 3]
SELECT * FROM kfz;
[2020-12-29 04:20:10 Thread-Id 3]
SELECT * FROM kfz;
[2020-12-29 04:20:23 Thread-Id 3]
SELECT * FROM kfz;
[2020-12-29 04:20:56 Thread-Id 3]
SELECT * FROM kfz;
[2020-12-29 04:21:01 Thread-Id 3]
SELECT * FROM kfz;
[2020-12-29 04:21:06 Thread-Id 3]
SELECT * FROM kfz;
[2020-12-29 04:21:07 Thread-Id 1]
DELETE FROM kfz WHERE idkfz=37;
[2020-12-29 04:21:07 Thread-Id 1]
DELETE FROM kfz WHERE idkfz=38;
[2020-12-29 04:21:11 Thread-Id 3]
SELECT * FROM kfz;
[2020-12-29 04:21:16 Thread-Id 3]
SELECT * FROM kfz;
[2020-12-29 04:21:21 Thread-Id 3]
SELECT * FROM kfz;
[2020-12-29 04:21:24 Thread-Id 1]
INSERT INTO kfz 
                (FahrgestellNr, Kennzeichen, Leistung, Typ) 
                VALUES ('KJAHDS87687678', 'S-PR-9876', 85, 'SUV');
[2020-12-29 04:21:26 Thread-Id 3]
SELECT * FROM kfz;
[2020-12-29 04:21:31 Thread-Id 3]
SELECT * FROM kfz;
[2020-12-29 04:49:37 Thread-Id 3]
SELECT * FROM kfz;
[2020-12-29 04:49:42 Thread-Id 3]
SELECT * FROM kfz;
[2020-12-29 04:49:47 Thread-Id 3]
SELECT * FROM kfz;
[2020-12-29 04:49:52 Thread-Id 3]
SELECT * FROM kfz;
[2020-12-29 04:49:53 Thread-Id 1]
INSERT INTO kfz 
                (FahrgestellNr, Kennzeichen, Leistung, Typ) 
                VALUES ('KJAHDS87687678', 'S-PR-9876', 85, 'SUV');
[2020-12-29 04:49:57 Thread-Id 3]
SELECT * FROM kfz;
[2020-12-29 04:50:02 Thread-Id 3]
SELECT * FROM kfz;
[2020-12-29 04:50:07 Thread-Id 3]
SELECT * FROM kfz;
[2020-12-29 04:50:12 Thread-Id 3]
SELECT * FROM kfz;
[2020-12-29 04:50:17 Thread-Id 3]
SELECT * FROM kfz;
[2020-12-29 04:50:22 Thread-Id 3]
SELECT * FROM kfz;
[2020-12-29 04:50:24 Thread-Id 1]
INSERT INTO kfz 
                (FahrgestellNr, Kennzeichen, Leistung, Typ) 
                VALUES ('KJAHDS87687678', 'S-PR-9876', 85, 'SUV');
[2020-12-29 04:50:27 Thread-Id 3]
SELECT * FROM kfz;
[2020-12-29 04:50:31 Thread-Id 1]
DELETE FROM kfz WHERE idkfz=41;
[2020-12-29 04:50:32 Thread-Id 3]
SELECT * FROM kfz;
[2020-12-29 04:52:09 Thread-Id 3]
SELECT * FROM kfz;
[2020-12-30 07:21:32 Thread-Id 3]
SELECT * FROM kfz;
[2020-12-30 07:21:35 Thread-Id 1]
INSERT INTO kfz 
                (FahrgestellNr, Kennzeichen, Leistung, Typ) 
                VALUES ('KJAHDS87687678', 'S-PR-9876', 85, 'SUV');
[2020-12-30 07:21:37 Thread-Id 3]
SELECT * FROM kfz;
[2020-12-30 07:21:42 Thread-Id 1]
DELETE FROM kfz WHERE idkfz=42;
[2020-12-30 07:21:42 Thread-Id 3]
SELECT * FROM kfz;
[2020-12-30 07:22:29 Thread-Id 3]
SELECT * FROM kfz;
[2020-12-30 07:22:55 Thread-Id 3]
SELECT * FROM kfz;
[2020-12-30 07:23:00 Thread-Id 3]
SELECT * FROM kfz;
[2021-01-12 06:17:03 Thread-Id 3]
SELECT * FROM kfz;
[2021-01-12 07:03:24 Thread-Id 1]
SELECT * FROM kfz;
[2021-01-12 07:03:53 Thread-Id 1]
SELECT * FROM kfz;
[2021-01-12 07:08:03 Thread-Id 1]
SELECT * FROM kfz;
[2021-01-12 07:09:44 Thread-Id 1]
SELECT * FROM kfz;
[2021-01-12 07:14:13 Thread-Id 1]
SELECT * FROM kfz;
[2021-01-12 07:16:24 Thread-Id 1]
SELECT * FROM kfz;
[2021-01-12 07:26:40 Thread-Id 1]
SELECT * FROM kfz;
[2021-01-12 07:27:53 Thread-Id 1]
SELECT * FROM kfz;
[2021-01-12 07:28:31 Thread-Id 1]
SELECT * FROM kfz;
[2021-01-12 07:30:15 Thread-Id 1]
SELECT * FROM kfz;
[2021-01-12 07:31:03 Thread-Id 1]
SELECT * FROM kfz;
[2021-01-12 07:35:41 Thread-Id 1]
SELECT * FROM kfz;
[2021-01-12 07:36:08 Thread-Id 1]
SELECT * FROM kfz;
[2021-01-12 07:37:16 Thread-Id 1]
SELECT * FROM kfz;
[2021-01-12 08:24:39 Thread-Id 1]
SELECT * FROM kfz;
[2021-01-12 08:40:14 Thread-Id 1]
SELECT * FROM kfz;
[2021-01-12 08:40:53 Thread-Id 1]
SELECT * FROM kfz;
[2021-01-12 08:41:44 Thread-Id 1]
SELECT * FROM kfz;
[2021-01-12 08:43:05 Thread-Id 1]
SELECT * FROM kfz;
[2021-01-12 14:47:26 Thread-Id 1]
SELECT * FROM kfz;
[2021-01-12 14:48:18 Thread-Id 1]
SELECT * FROM kfz;
[2021-01-12 14:49:39 Thread-Id 1]
SELECT * FROM kfz;
[2021-01-22 12:30:30 Thread-Id 1]
SELECT * FROM kfz;
[2021-01-22 13:00:24 Thread-Id 1]
SELECT * FROM kfz;
[2021-01-22 13:01:20 Thread-Id 1]

[2021-01-22 13:34:25 Thread-Id 1]
SELECT * FROM kfz;
[2021-01-22 14:04:17 Thread-Id 1]
SELECT * FROM kfz;
[2021-01-22 14:05:02 Thread-Id 1]
SELECT * FROM kfz;
[2021-01-22 14:06:56 Thread-Id 1]
SELECT * FROM kfz;
[2021-01-22 14:07:35 Thread-Id 1]
UPDATE `kfz`
                    SET
                    `FahrgestellNr`=[198231729831],
                    `Kennzeichen`=[S-KU-253],
                    `Leistung`=[120],
                    `Typ`=[SUV]
                    WHERE 1
[2021-01-22 14:12:41 Thread-Id 1]
SELECT * FROM kfz;
[2021-01-22 14:13:12 Thread-Id 1]
UPDATE `kfz` SET `FahrgestellNr`=[34535435], `Kennzeichen`=[KA-FA-765], `Leistung`=[75], `Typ`=[Cabrioasdf] WHERE 2
[2021-01-22 14:13:48 Thread-Id 1]
SELECT * FROM kfz;
[2021-01-22 14:13:59 Thread-Id 1]
UPDATE `kfz` SET `FahrgestellNr`=[34535435], `Kennzeichen`=[KA-FA-765], `Leistung`=[75], `Typ`=[Cabrioffff] WHERE 2;
[2021-01-22 14:14:38 Thread-Id 1]
UPDATE `kfz` SET `FahrgestellNr`=[34535435], `Kennzeichen`=[KA-FA-765], `Leistung`=[75], `Typ`=[Cabrioffff] WHERE 2;
[2021-01-22 14:15:44 Thread-Id 1]
SELECT * FROM kfz;
[2021-01-22 14:16:00 Thread-Id 1]
UPDATE kfz SET FahrgestellNr=[34535435], Kennzeichen=[KA-FA-765], Leistung=[75], Typ=[Cabrioasdf] WHERE 2;
[2021-01-22 14:16:45 Thread-Id 1]
UPDATE kfz SET FahrgestellNr=[34535435], Kennzeichen=[KA-FA-765], Leistung=[75], Typ=[Cabrioasdf] WHERE 2;
[2021-01-22 14:18:16 Thread-Id 1]
SELECT * FROM kfz;
[2021-01-22 14:18:36 Thread-Id 1]
UPDATE kfz SET FahrgestellNr=34535435, Kennzeichen=KA-FA-765, Leistung=75, Typ=CabrioAAAAA WHERE 2;
[2021-01-22 14:20:51 Thread-Id 1]
SELECT * FROM kfz;
[2021-01-22 14:21:06 Thread-Id 1]
UPDATE kfz SET FahrgestellNr='34535435', Kennzeichen='KA-FA-765', Leistung='75', Typ='CabrioDDDD' WHERE 2;
[2021-01-22 14:22:38 Thread-Id 1]
SELECT * FROM kfz;
[2021-01-22 14:22:55 Thread-Id 1]
UPDATE kfz SET FahrgestellNr='34535435', Kennzeichen='KA-FA-765', Leistung='75', Typ='CabrioXXXX' WHERE idkfz='2';
[2021-01-22 14:30:52 Thread-Id 1]
SELECT * FROM kfz;
[2021-01-22 14:35:03 Thread-Id 1]
SELECT * FROM kfz;
[2021-01-22 14:40:22 Thread-Id 1]
SELECT * FROM kfz;
[2021-01-22 14:43:47 Thread-Id 1]
SELECT * FROM kfz;
[2021-01-22 14:52:51 Thread-Id 1]
SELECT * FROM kfz;
[2021-01-22 14:57:03 Thread-Id 1]
SELECT * FROM kfz;
[2021-02-05 12:28:57 Thread-Id 1]
SELECT * FROM kfz;
[2021-02-26 13:14:00 Thread-Id 1]
SELECT * FROM kfz;
[2021-03-02 14:48:42 Thread-Id 1]
SELECT * FROM kfz;
[2021-03-02 14:51:05 Thread-Id 1]
SELECT * FROM kfz;
[2021-03-02 14:51:14 Thread-Id 1]
SELECT * FROM kfz;
[2021-03-02 14:51:15 Thread-Id 1]
SELECT * FROM kfz;
[2021-03-02 14:51:15 Thread-Id 1]
SELECT * FROM kfz;
[2021-03-02 14:52:24 Thread-Id 1]
SELECT * FROM kfz;
[2021-03-02 14:52:25 Thread-Id 1]
SELECT * FROM kfz;
[2021-03-02 14:52:27 Thread-Id 1]
SELECT * FROM kfz;
[2021-03-02 14:52:27 Thread-Id 1]
SELECT * FROM kfz;
[2021-03-03 16:45:33 Thread-Id 1]
SELECT * FROM kfz;
[2021-03-03 16:45:39 Thread-Id 13]
SELECT * FROM kfz;
[2021-03-08 10:12:35 Thread-Id 3]
SELECT * FROM kfz;
[2021-03-08 10:12:40 Thread-Id 3]
SELECT * FROM kfz;
[2021-03-08 10:12:45 Thread-Id 3]
SELECT * FROM kfz;
[2021-03-08 10:14:28 Thread-Id 3]
SELECT * FROM kfz;
[2021-03-08 10:15:06 Thread-Id 3]
SELECT * FROM kfz;
[2021-03-08 10:16:42 Thread-Id 3]
SELECT * FROM kfz;
[2021-03-08 10:18:01 Thread-Id 3]
SELECT * FROM kfz;
[2021-03-08 10:20:32 Thread-Id 3]
SELECT * FROM kfz;
[2021-03-08 10:20:44 Thread-Id 3]
SELECT * FROM kfz;
[2021-03-08 10:20:49 Thread-Id 3]
SELECT * FROM kfz;
[2021-03-08 10:20:54 Thread-Id 3]
SELECT * FROM kfz;
[2021-03-08 10:20:59 Thread-Id 3]
SELECT * FROM kfz;
[2021-03-08 10:22:05 Thread-Id 3]
SELECT * FROM kfz;
[2021-03-08 10:22:15 Thread-Id 3]
SELECT * FROM kfz;
[2021-03-08 10:22:20 Thread-Id 3]
SELECT * FROM kfz;
[2021-03-08 10:22:25 Thread-Id 3]
SELECT * FROM kfz;
[2021-03-08 10:22:30 Thread-Id 3]
SELECT * FROM kfz;
[2021-03-08 10:22:35 Thread-Id 3]
SELECT * FROM kfz;
[2021-03-08 10:22:40 Thread-Id 3]
SELECT * FROM kfz;
[2021-03-08 10:22:45 Thread-Id 3]
SELECT * FROM kfz;
[2021-03-08 10:22:50 Thread-Id 3]
SELECT * FROM kfz;
[2021-03-08 10:22:55 Thread-Id 3]
SELECT * FROM kfz;
[2021-03-08 10:23:00 Thread-Id 3]
SELECT * FROM kfz;
[2021-03-08 10:23:05 Thread-Id 3]
SELECT * FROM kfz;
[2021-03-08 10:23:10 Thread-Id 3]
SELECT * FROM kfz;
[2021-03-08 10:23:15 Thread-Id 3]
SELECT * FROM kfz;
[2021-03-08 10:23:20 Thread-Id 3]
SELECT * FROM kfz;
[2021-03-08 10:23:25 Thread-Id 3]
SELECT * FROM kfz;
[2021-03-08 10:23:30 Thread-Id 3]
SELECT * FROM kfz;
[2021-03-08 10:23:42 Thread-Id 3]
SELECT * FROM kfz;
[2021-03-08 10:24:05 Thread-Id 3]
SELECT * FROM kfz;
[2021-03-08 10:26:37 Thread-Id 3]
SELECT * FROM kfz;
[2021-03-08 10:26:52 Thread-Id 3]
SELECT * FROM kfz;
[2021-03-08 10:26:57 Thread-Id 3]
SELECT * FROM kfz;
[2021-03-08 10:27:02 Thread-Id 3]
SELECT * FROM kfz;
[2021-03-08 10:27:07 Thread-Id 3]
SELECT * FROM kfz;
[2021-03-08 10:27:48 Thread-Id 3]
SELECT * FROM kfz;
[2021-03-08 10:27:53 Thread-Id 3]
SELECT * FROM kfz;
[2021-03-08 10:27:58 Thread-Id 3]
SELECT * FROM kfz;
[2021-03-08 10:28:03 Thread-Id 3]
SELECT * FROM kfz;
[2021-03-08 10:28:08 Thread-Id 3]
SELECT * FROM kfz;
[2021-03-08 10:28:13 Thread-Id 3]
SELECT * FROM kfz;
[2021-03-08 10:28:18 Thread-Id 3]
SELECT * FROM kfz;
[2021-03-08 10:28:23 Thread-Id 3]
SELECT * FROM kfz;
[2021-03-08 10:29:54 Thread-Id 3]
SELECT * FROM kfz;
[2021-03-08 10:30:07 Thread-Id 3]
SELECT * FROM kfz;
[2021-03-08 10:30:12 Thread-Id 3]
SELECT * FROM kfz;
[2021-03-08 10:30:17 Thread-Id 3]
SELECT * FROM kfz;
[2021-03-08 10:30:22 Thread-Id 3]
SELECT * FROM kfz;
[2021-03-08 10:30:27 Thread-Id 3]
SELECT * FROM kfz;
[2021-03-08 10:30:50 Thread-Id 3]
SELECT * FROM kfz;
[2021-03-08 10:30:55 Thread-Id 3]
SELECT * FROM kfz;
[2021-03-08 10:31:00 Thread-Id 3]
SELECT * FROM kfz;
[2021-03-08 10:31:05 Thread-Id 3]
SELECT * FROM kfz;
[2021-03-08 10:31:10 Thread-Id 3]
SELECT * FROM kfz;
[2021-03-08 10:31:42 Thread-Id 3]
SELECT * FROM kfz;
[2021-03-08 10:31:47 Thread-Id 3]
SELECT * FROM kfz;
[2021-03-08 10:31:52 Thread-Id 3]
SELECT * FROM kfz;
[2021-03-08 10:31:57 Thread-Id 3]
SELECT * FROM kfz;
[2021-03-08 10:32:58 Thread-Id 3]
SELECT * FROM kfz;
[2021-03-08 10:33:03 Thread-Id 3]
SELECT * FROM kfz;
[2021-03-08 10:33:08 Thread-Id 3]
SELECT * FROM kfz;
[2021-03-08 10:33:13 Thread-Id 3]
SELECT * FROM kfz;
[2021-03-08 10:33:22 Thread-Id 3]
SELECT * FROM kfz;
[2021-03-08 10:33:27 Thread-Id 3]
SELECT * FROM kfz;
[2021-03-08 10:33:32 Thread-Id 3]
SELECT * FROM kfz;
[2021-03-08 10:33:37 Thread-Id 3]
SELECT * FROM kfz;
[2021-03-08 10:33:42 Thread-Id 3]
SELECT * FROM kfz;
[2021-03-08 10:33:47 Thread-Id 3]
SELECT * FROM kfz;
[2021-03-08 10:33:52 Thread-Id 3]
SELECT * FROM kfz;
[2021-03-08 10:33:57 Thread-Id 3]
SELECT * FROM kfz;
[2021-03-08 10:34:02 Thread-Id 3]
SELECT * FROM kfz;
[2021-03-08 10:34:07 Thread-Id 3]
SELECT * FROM kfz;
[2021-03-08 10:34:12 Thread-Id 3]
SELECT * FROM kfz;
[2021-03-08 10:34:17 Thread-Id 3]
SELECT * FROM kfz;
[2021-03-08 10:34:22 Thread-Id 3]
SELECT * FROM kfz;
[2021-03-08 10:34:27 Thread-Id 3]
SELECT * FROM kfz;
[2021-03-08 10:34:32 Thread-Id 3]
SELECT * FROM kfz;
[2021-03-08 10:34:37 Thread-Id 3]
SELECT * FROM kfz;
[2021-03-08 10:34:42 Thread-Id 3]
SELECT * FROM kfz;
[2021-03-08 10:34:47 Thread-Id 3]
SELECT * FROM kfz;
[2021-03-08 10:35:19 Thread-Id 3]
SELECT * FROM kfz;
[2021-03-08 10:35:24 Thread-Id 3]
SELECT * FROM kfz;
[2021-03-08 10:35:29 Thread-Id 3]
SELECT * FROM kfz;
[2021-03-08 10:35:34 Thread-Id 3]
SELECT * FROM kfz;
[2021-03-08 10:35:39 Thread-Id 3]
SELECT * FROM kfz;
[2021-03-08 10:35:47 Thread-Id 3]
SELECT * FROM kfz;
[2021-03-08 10:35:52 Thread-Id 3]
SELECT * FROM kfz;
[2021-03-08 10:35:57 Thread-Id 3]
SELECT * FROM kfz;
[2021-03-08 10:36:02 Thread-Id 3]
SELECT * FROM kfz;
[2021-03-08 10:36:07 Thread-Id 3]
SELECT * FROM kfz;
[2021-03-08 10:36:12 Thread-Id 3]
SELECT * FROM kfz;
[2021-03-08 10:36:17 Thread-Id 3]
SELECT * FROM kfz;
[2021-03-08 10:36:22 Thread-Id 3]
SELECT * FROM kfz;
[2021-03-08 10:36:27 Thread-Id 3]
SELECT * FROM kfz;
[2021-03-08 10:36:32 Thread-Id 3]
SELECT * FROM kfz;
[2021-03-08 10:36:37 Thread-Id 3]
SELECT * FROM kfz;
[2021-03-08 10:36:42 Thread-Id 3]
SELECT * FROM kfz;
[2021-03-08 10:36:47 Thread-Id 3]
SELECT * FROM kfz;
[2021-03-08 10:36:52 Thread-Id 3]
SELECT * FROM kfz;
[2021-03-08 10:36:57 Thread-Id 3]
SELECT * FROM kfz;
[2021-03-08 10:37:02 Thread-Id 3]
SELECT * FROM kfz;
[2021-03-08 10:37:07 Thread-Id 3]
SELECT * FROM kfz;
[2021-03-08 10:37:12 Thread-Id 3]
SELECT * FROM kfz;
[2021-03-08 10:37:17 Thread-Id 3]
SELECT * FROM kfz;
[2021-03-08 10:37:22 Thread-Id 3]
SELECT * FROM kfz;
[2021-03-08 10:37:27 Thread-Id 3]
SELECT * FROM kfz;
[2021-03-08 10:37:32 Thread-Id 3]
SELECT * FROM kfz;
[2021-03-08 10:37:37 Thread-Id 3]
SELECT * FROM kfz;
[2021-03-08 10:37:42 Thread-Id 3]
SELECT * FROM kfz;
[2021-03-08 10:37:47 Thread-Id 3]
SELECT * FROM kfz;
[2021-03-08 10:37:52 Thread-Id 3]
SELECT * FROM kfz;
[2021-03-08 10:37:57 Thread-Id 3]
SELECT * FROM kfz;
[2021-03-08 10:38:02 Thread-Id 3]
SELECT * FROM kfz;
[2021-03-08 10:38:07 Thread-Id 3]
SELECT * FROM kfz;
[2021-03-08 10:38:12 Thread-Id 3]
SELECT * FROM kfz;
[2021-03-08 10:38:17 Thread-Id 3]
SELECT * FROM kfz;
[2021-03-08 10:38:22 Thread-Id 3]
SELECT * FROM kfz;
[2021-03-08 10:38:27 Thread-Id 3]
SELECT * FROM kfz;
[2021-03-08 10:38:32 Thread-Id 3]
SELECT * FROM kfz;
[2021-03-08 10:38:37 Thread-Id 3]
SELECT * FROM kfz;
[2021-03-08 10:38:42 Thread-Id 3]
SELECT * FROM kfz;
[2021-03-08 10:38:47 Thread-Id 3]
SELECT * FROM kfz;
[2021-03-08 10:38:52 Thread-Id 3]
SELECT * FROM kfz;
[2021-03-08 10:38:57 Thread-Id 3]
SELECT * FROM kfz;
[2021-03-08 10:39:02 Thread-Id 3]
SELECT * FROM kfz;
[2021-03-08 10:39:07 Thread-Id 3]
SELECT * FROM kfz;
[2021-03-08 10:39:12 Thread-Id 3]
SELECT * FROM kfz;
[2021-03-08 10:39:17 Thread-Id 3]
SELECT * FROM kfz;
[2021-03-08 10:39:22 Thread-Id 3]
SELECT * FROM kfz;
[2021-03-08 10:39:27 Thread-Id 3]
SELECT * FROM kfz;
[2021-03-08 10:39:32 Thread-Id 3]
SELECT * FROM kfz;
[2021-03-08 10:39:37 Thread-Id 3]
SELECT * FROM kfz;
[2021-03-08 10:39:42 Thread-Id 3]
SELECT * FROM kfz;
[2021-03-08 10:39:47 Thread-Id 3]
SELECT * FROM kfz;
[2021-03-08 10:39:52 Thread-Id 3]
SELECT * FROM kfz;
[2021-03-08 10:39:57 Thread-Id 3]
SELECT * FROM kfz;
[2021-03-08 10:40:02 Thread-Id 3]
SELECT * FROM kfz;
[2021-03-08 10:40:07 Thread-Id 3]
SELECT * FROM kfz;
[2021-03-08 10:40:12 Thread-Id 3]
SELECT * FROM kfz;
[2021-03-08 10:40:17 Thread-Id 3]
SELECT * FROM kfz;
[2021-03-08 10:40:22 Thread-Id 3]
SELECT * FROM kfz;
[2021-03-08 10:40:27 Thread-Id 3]
SELECT * FROM kfz;
[2021-03-08 10:40:32 Thread-Id 3]
SELECT * FROM kfz;
[2021-03-08 10:40:37 Thread-Id 3]
SELECT * FROM kfz;
[2021-03-08 10:40:42 Thread-Id 3]
SELECT * FROM kfz;
[2021-03-08 10:40:47 Thread-Id 3]
SELECT * FROM kfz;
[2021-03-08 10:40:52 Thread-Id 3]
SELECT * FROM kfz;
[2021-03-08 10:40:57 Thread-Id 3]
SELECT * FROM kfz;
[2021-03-08 10:41:02 Thread-Id 3]
SELECT * FROM kfz;
[2021-03-08 10:41:07 Thread-Id 3]
SELECT * FROM kfz;
[2021-03-08 10:41:12 Thread-Id 3]
SELECT * FROM kfz;
[2021-03-08 10:41:17 Thread-Id 3]
SELECT * FROM kfz;
[2021-03-08 10:41:22 Thread-Id 3]
SELECT * FROM kfz;
[2021-03-08 10:41:27 Thread-Id 3]
SELECT * FROM kfz;
[2021-03-08 10:41:32 Thread-Id 3]
SELECT * FROM kfz;
[2021-03-08 10:41:37 Thread-Id 3]
SELECT * FROM kfz;
[2021-03-08 10:41:42 Thread-Id 3]
SELECT * FROM kfz;
[2021-03-08 10:41:47 Thread-Id 3]
SELECT * FROM kfz;
[2021-03-08 10:49:58 Thread-Id 3]
SELECT * FROM kfz;
[2021-03-08 10:50:03 Thread-Id 3]
SELECT * FROM kfz;
[2021-03-08 10:50:08 Thread-Id 3]
SELECT * FROM kfz;
[2021-03-08 10:50:13 Thread-Id 3]
SELECT * FROM kfz;
[2021-03-08 10:50:18 Thread-Id 3]
SELECT * FROM kfz;
[2021-03-08 10:50:23 Thread-Id 3]
SELECT * FROM kfz;
[2021-03-08 10:50:28 Thread-Id 3]
SELECT * FROM kfz;
[2021-03-08 10:50:33 Thread-Id 3]
SELECT * FROM kfz;
[2021-03-08 10:50:38 Thread-Id 3]
SELECT * FROM kfz;
[2021-03-08 10:50:43 Thread-Id 3]
SELECT * FROM kfz;
[2021-03-08 10:50:48 Thread-Id 3]
SELECT * FROM kfz;
[2021-03-08 10:50:53 Thread-Id 3]
SELECT * FROM kfz;
[2021-03-08 10:50:58 Thread-Id 3]
SELECT * FROM kfz;
[2021-03-08 10:51:03 Thread-Id 3]
SELECT * FROM kfz;
[2021-03-08 10:51:35 Thread-Id 3]
SELECT * FROM kfz;
[2021-03-08 10:54:00 Thread-Id 3]
SELECT * FROM kfz;
[2021-03-08 10:54:06 Thread-Id 3]
SELECT * FROM kfz;
[2021-03-08 10:54:11 Thread-Id 3]
SELECT * FROM kfz;
[2021-03-08 10:54:16 Thread-Id 3]
SELECT * FROM kfz;
[2021-03-08 10:54:21 Thread-Id 3]
SELECT * FROM kfz;
[2021-03-08 10:54:26 Thread-Id 3]
SELECT * FROM kfz;
[2021-03-08 10:54:31 Thread-Id 3]
SELECT * FROM kfz;
[2021-03-08 10:54:36 Thread-Id 3]
SELECT * FROM kfz;
[2021-03-08 10:54:41 Thread-Id 3]
SELECT * FROM kfz;
[2021-03-08 10:54:46 Thread-Id 3]
SELECT * FROM kfz;
[2021-03-08 10:54:51 Thread-Id 3]
SELECT * FROM kfz;
[2021-03-08 10:54:56 Thread-Id 3]
SELECT * FROM kfz;
[2021-03-08 10:55:01 Thread-Id 3]
SELECT * FROM kfz;
[2021-03-08 10:55:06 Thread-Id 3]
SELECT * FROM kfz;
[2021-03-08 10:55:11 Thread-Id 3]
SELECT * FROM kfz;
[2021-03-08 10:55:28 Thread-Id 3]
SELECT * FROM kfz;
[2021-03-08 10:55:33 Thread-Id 3]
SELECT * FROM kfz;
[2021-03-08 10:55:38 Thread-Id 3]
SELECT * FROM kfz;
[2021-03-08 10:55:43 Thread-Id 3]
SELECT * FROM kfz;
[2021-03-08 10:55:48 Thread-Id 3]
SELECT * FROM kfz;
[2021-03-08 10:55:53 Thread-Id 3]
SELECT * FROM kfz;
[2021-03-08 10:55:58 Thread-Id 3]
SELECT * FROM kfz;
[2021-03-08 10:56:03 Thread-Id 3]
SELECT * FROM kfz;
[2021-03-08 10:56:08 Thread-Id 3]
SELECT * FROM kfz;
[2021-03-08 10:56:13 Thread-Id 3]
SELECT * FROM kfz;
[2021-03-08 10:56:18 Thread-Id 3]
SELECT * FROM kfz;
[2021-03-08 10:56:23 Thread-Id 3]
SELECT * FROM kfz;
[2021-03-08 10:56:28 Thread-Id 3]
SELECT * FROM kfz;
[2021-03-08 10:56:33 Thread-Id 3]
SELECT * FROM kfz;
[2021-03-08 10:56:38 Thread-Id 3]
SELECT * FROM kfz;
[2021-03-08 10:56:43 Thread-Id 3]
SELECT * FROM kfz;
[2021-03-08 10:56:48 Thread-Id 3]
SELECT * FROM kfz;
[2021-03-08 10:56:53 Thread-Id 3]
SELECT * FROM kfz;
[2021-03-08 10:56:58 Thread-Id 3]
SELECT * FROM kfz;
[2021-03-08 10:57:03 Thread-Id 3]
SELECT * FROM kfz;
[2021-03-08 10:57:08 Thread-Id 3]
SELECT * FROM kfz;
[2021-03-08 10:57:13 Thread-Id 3]
SELECT * FROM kfz;
[2021-03-08 10:57:18 Thread-Id 3]
SELECT * FROM kfz;
[2021-03-08 10:57:23 Thread-Id 3]
SELECT * FROM kfz;
[2021-03-08 10:57:28 Thread-Id 3]
SELECT * FROM kfz;
[2021-03-08 10:57:33 Thread-Id 3]
SELECT * FROM kfz;
[2021-03-08 10:57:38 Thread-Id 3]
SELECT * FROM kfz;
[2021-03-08 10:57:43 Thread-Id 3]
SELECT * FROM kfz;
[2021-03-08 10:57:48 Thread-Id 3]
SELECT * FROM kfz;
[2021-03-08 10:57:53 Thread-Id 3]
SELECT * FROM kfz;
[2021-03-08 10:57:58 Thread-Id 3]
SELECT * FROM kfz;
[2021-03-08 10:58:03 Thread-Id 3]
SELECT * FROM kfz;
[2021-03-08 10:58:08 Thread-Id 3]
SELECT * FROM kfz;
[2021-03-08 10:58:13 Thread-Id 3]
SELECT * FROM kfz;
[2021-03-08 10:58:18 Thread-Id 3]
SELECT * FROM kfz;
[2021-03-08 10:58:23 Thread-Id 3]
SELECT * FROM kfz;
[2021-03-08 10:58:28 Thread-Id 3]
SELECT * FROM kfz;
[2021-03-08 10:58:33 Thread-Id 3]
SELECT * FROM kfz;
[2021-03-08 10:58:38 Thread-Id 3]
SELECT * FROM kfz;
[2021-03-08 10:58:43 Thread-Id 3]
SELECT * FROM kfz;
[2021-03-08 10:58:48 Thread-Id 3]
SELECT * FROM kfz;
[2021-03-08 10:58:53 Thread-Id 3]
SELECT * FROM kfz;
[2021-03-08 10:58:58 Thread-Id 3]
SELECT * FROM kfz;
[2021-03-08 10:59:03 Thread-Id 3]
SELECT * FROM kfz;
[2021-03-08 10:59:08 Thread-Id 3]
SELECT * FROM kfz;
[2021-03-08 10:59:13 Thread-Id 3]
SELECT * FROM kfz;
[2021-03-08 10:59:18 Thread-Id 3]
SELECT * FROM kfz;
[2021-03-08 10:59:23 Thread-Id 3]
SELECT * FROM kfz;
[2021-03-08 10:59:28 Thread-Id 3]
SELECT * FROM kfz;
[2021-03-08 10:59:33 Thread-Id 3]
SELECT * FROM kfz;
[2021-03-08 10:59:38 Thread-Id 3]
SELECT * FROM kfz;
[2021-03-08 10:59:43 Thread-Id 3]
SELECT * FROM kfz;
[2021-03-08 11:01:53 Thread-Id 3]
SELECT * FROM kfz;
[2021-03-08 11:02:38 Thread-Id 3]
SELECT * FROM kfz;
[2021-03-08 11:02:49 Thread-Id 3]
SELECT * FROM kfz;
[2021-03-08 11:02:54 Thread-Id 3]
SELECT * FROM kfz;
[2021-03-08 11:02:59 Thread-Id 3]
SELECT * FROM kfz;
[2021-03-08 11:03:34 Thread-Id 3]
SELECT * FROM kfz;
[2021-03-08 11:03:39 Thread-Id 3]
SELECT * FROM kfz;
[2021-03-08 11:03:44 Thread-Id 3]
SELECT * FROM kfz;
[2021-03-08 11:03:49 Thread-Id 3]
SELECT * FROM kfz;
[2021-03-08 11:03:54 Thread-Id 3]
SELECT * FROM kfz;
[2021-03-08 11:03:59 Thread-Id 3]
SELECT * FROM kfz;
[2021-03-08 11:04:04 Thread-Id 3]
SELECT * FROM kfz;
[2021-03-08 11:04:09 Thread-Id 3]
SELECT * FROM kfz;
[2021-03-08 11:04:14 Thread-Id 3]
SELECT * FROM kfz;
[2021-03-08 11:04:19 Thread-Id 3]
SELECT * FROM kfz;
[2021-03-08 11:04:24 Thread-Id 3]
SELECT * FROM kfz;
[2021-03-08 11:04:29 Thread-Id 3]
SELECT * FROM kfz;
[2021-03-08 11:04:34 Thread-Id 3]
SELECT * FROM kfz;
[2021-03-08 11:04:39 Thread-Id 3]
SELECT * FROM kfz;
[2021-03-08 11:04:44 Thread-Id 3]
SELECT * FROM kfz;
[2021-03-08 11:04:49 Thread-Id 3]
SELECT * FROM kfz;
[2021-03-08 11:04:54 Thread-Id 3]
SELECT * FROM kfz;
[2021-03-08 11:04:59 Thread-Id 3]
SELECT * FROM kfz;
[2021-03-08 11:05:04 Thread-Id 3]
SELECT * FROM kfz;
[2021-03-08 11:05:09 Thread-Id 3]
SELECT * FROM kfz;
[2021-03-08 11:05:14 Thread-Id 3]
SELECT * FROM kfz;
[2021-03-08 11:05:19 Thread-Id 3]
SELECT * FROM kfz;
[2021-03-08 11:05:24 Thread-Id 3]
SELECT * FROM kfz;
[2021-03-08 11:05:29 Thread-Id 3]
SELECT * FROM kfz;
[2021-03-08 11:05:34 Thread-Id 3]
SELECT * FROM kfz;
[2021-03-08 11:05:39 Thread-Id 3]
SELECT * FROM kfz;
[2021-03-08 11:05:44 Thread-Id 3]
SELECT * FROM kfz;
[2021-03-08 11:05:49 Thread-Id 3]
SELECT * FROM kfz;
[2021-03-08 11:05:54 Thread-Id 3]
SELECT * FROM kfz;
[2021-03-08 11:05:59 Thread-Id 3]
SELECT * FROM kfz;
[2021-03-08 11:06:04 Thread-Id 3]
SELECT * FROM kfz;
[2021-03-08 11:06:09 Thread-Id 3]
SELECT * FROM kfz;
[2021-03-08 11:06:14 Thread-Id 3]
SELECT * FROM kfz;
[2021-03-08 11:06:19 Thread-Id 3]
SELECT * FROM kfz;
[2021-03-08 11:06:24 Thread-Id 3]
SELECT * FROM kfz;
[2021-03-08 11:06:29 Thread-Id 3]
SELECT * FROM kfz;
[2021-03-08 11:06:34 Thread-Id 3]
SELECT * FROM kfz;
[2021-03-08 11:06:39 Thread-Id 3]
SELECT * FROM kfz;
[2021-03-08 11:06:44 Thread-Id 3]
SELECT * FROM kfz;
[2021-03-08 11:06:49 Thread-Id 3]
SELECT * FROM kfz;
[2021-03-08 11:06:54 Thread-Id 3]
SELECT * FROM kfz;
[2021-03-08 11:06:59 Thread-Id 3]
SELECT * FROM kfz;
[2021-03-08 11:07:04 Thread-Id 3]
SELECT * FROM kfz;
[2021-03-08 11:07:09 Thread-Id 3]
SELECT * FROM kfz;
[2021-03-08 11:07:14 Thread-Id 3]
SELECT * FROM kfz;
[2021-03-08 11:07:19 Thread-Id 3]
SELECT * FROM kfz;
[2021-03-08 11:07:24 Thread-Id 3]
SELECT * FROM kfz;
[2021-03-08 11:07:29 Thread-Id 3]
SELECT * FROM kfz;
[2021-03-08 11:07:34 Thread-Id 3]
SELECT * FROM kfz;
[2021-03-08 11:07:39 Thread-Id 3]
SELECT * FROM kfz;
[2021-03-08 11:07:44 Thread-Id 3]
SELECT * FROM kfz;
[2021-03-08 11:07:49 Thread-Id 3]
SELECT * FROM kfz;
[2021-03-08 11:07:54 Thread-Id 3]
SELECT * FROM kfz;
[2021-03-08 11:07:59 Thread-Id 3]
SELECT * FROM kfz;
[2021-03-08 11:08:04 Thread-Id 3]
SELECT * FROM kfz;
[2021-03-08 11:08:09 Thread-Id 3]
SELECT * FROM kfz;
[2021-03-08 11:08:14 Thread-Id 3]
SELECT * FROM kfz;
[2021-03-08 11:08:19 Thread-Id 3]
SELECT * FROM kfz;
[2021-03-08 11:08:24 Thread-Id 3]
SELECT * FROM kfz;
[2021-03-08 11:08:29 Thread-Id 3]
SELECT * FROM kfz;
[2021-03-08 11:08:34 Thread-Id 3]
SELECT * FROM kfz;
[2021-03-08 11:08:39 Thread-Id 3]
SELECT * FROM kfz;
[2021-03-08 11:08:44 Thread-Id 3]
SELECT * FROM kfz;
[2021-03-08 11:08:49 Thread-Id 3]
SELECT * FROM kfz;
[2021-03-08 11:08:54 Thread-Id 3]
SELECT * FROM kfz;
[2021-03-08 11:08:59 Thread-Id 3]
SELECT * FROM kfz;
[2021-03-08 11:09:04 Thread-Id 3]
SELECT * FROM kfz;
[2021-03-08 11:09:09 Thread-Id 3]
SELECT * FROM kfz;
[2021-03-08 11:09:14 Thread-Id 3]
SELECT * FROM kfz;
[2021-03-08 11:09:19 Thread-Id 3]
SELECT * FROM kfz;
[2021-03-08 11:09:24 Thread-Id 3]
SELECT * FROM kfz;
[2021-03-08 11:09:29 Thread-Id 3]
SELECT * FROM kfz;
[2021-03-08 11:09:34 Thread-Id 3]
SELECT * FROM kfz;
[2021-03-08 11:09:39 Thread-Id 3]
SELECT * FROM kfz;
[2021-03-08 11:09:44 Thread-Id 3]
SELECT * FROM kfz;
[2021-03-08 11:09:49 Thread-Id 3]
SELECT * FROM kfz;
[2021-03-08 11:09:54 Thread-Id 3]
SELECT * FROM kfz;
[2021-03-08 11:09:59 Thread-Id 3]
SELECT * FROM kfz;
[2021-03-08 11:10:04 Thread-Id 3]
SELECT * FROM kfz;
[2021-03-08 11:10:09 Thread-Id 3]
SELECT * FROM kfz;
[2021-03-08 11:10:14 Thread-Id 3]
SELECT * FROM kfz;
[2021-03-08 11:10:19 Thread-Id 3]
SELECT * FROM kfz;
[2021-03-08 11:10:24 Thread-Id 3]
SELECT * FROM kfz;
[2021-03-08 11:10:29 Thread-Id 3]
SELECT * FROM kfz;
[2021-03-08 11:10:34 Thread-Id 3]
SELECT * FROM kfz;
[2021-03-08 11:10:39 Thread-Id 3]
SELECT * FROM kfz;
[2021-03-08 11:10:44 Thread-Id 3]
SELECT * FROM kfz;
[2021-03-08 11:10:49 Thread-Id 3]
SELECT * FROM kfz;
[2021-03-08 11:10:54 Thread-Id 3]
SELECT * FROM kfz;
[2021-03-08 11:10:59 Thread-Id 3]
SELECT * FROM kfz;
[2021-03-08 11:11:04 Thread-Id 3]
SELECT * FROM kfz;
[2021-03-08 11:11:09 Thread-Id 3]
SELECT * FROM kfz;
[2021-03-08 11:11:14 Thread-Id 3]
SELECT * FROM kfz;
[2021-03-08 11:11:19 Thread-Id 3]
SELECT * FROM kfz;
[2021-03-08 11:11:24 Thread-Id 3]
SELECT * FROM kfz;
[2021-03-08 11:11:29 Thread-Id 3]
SELECT * FROM kfz;
[2021-03-08 11:11:34 Thread-Id 3]
SELECT * FROM kfz;
[2021-03-08 11:11:39 Thread-Id 3]
SELECT * FROM kfz;
[2021-03-08 11:11:44 Thread-Id 3]
SELECT * FROM kfz;
[2021-03-08 11:11:49 Thread-Id 3]
SELECT * FROM kfz;
[2021-03-08 11:11:54 Thread-Id 3]
SELECT * FROM kfz;
[2021-03-08 11:11:59 Thread-Id 3]
SELECT * FROM kfz;
[2021-03-08 11:12:04 Thread-Id 3]
SELECT * FROM kfz;
[2021-03-08 11:12:09 Thread-Id 3]
SELECT * FROM kfz;
[2021-03-08 11:12:14 Thread-Id 3]
SELECT * FROM kfz;
[2021-03-08 11:12:19 Thread-Id 3]
SELECT * FROM kfz;
[2021-03-08 11:12:24 Thread-Id 3]
SELECT * FROM kfz;
[2021-03-08 11:12:29 Thread-Id 3]
SELECT * FROM kfz;
[2021-03-08 11:12:34 Thread-Id 3]
SELECT * FROM kfz;
[2021-03-08 11:12:39 Thread-Id 3]
SELECT * FROM kfz;
[2021-03-08 11:12:44 Thread-Id 3]
SELECT * FROM kfz;
[2021-03-08 11:12:49 Thread-Id 3]
SELECT * FROM kfz;
[2021-03-08 11:12:54 Thread-Id 3]
SELECT * FROM kfz;
[2021-03-08 11:12:59 Thread-Id 3]
SELECT * FROM kfz;
[2021-03-08 11:13:04 Thread-Id 3]
SELECT * FROM kfz;
[2021-03-08 11:13:09 Thread-Id 3]
SELECT * FROM kfz;
[2021-03-08 11:13:14 Thread-Id 3]
SELECT * FROM kfz;
[2021-03-08 11:13:19 Thread-Id 3]
SELECT * FROM kfz;
[2021-03-08 11:13:24 Thread-Id 3]
SELECT * FROM kfz;
[2021-03-08 11:13:29 Thread-Id 3]
SELECT * FROM kfz;
[2021-03-08 11:13:34 Thread-Id 3]
SELECT * FROM kfz;
[2021-03-08 11:13:39 Thread-Id 3]
SELECT * FROM kfz;
[2021-03-08 11:13:44 Thread-Id 3]
SELECT * FROM kfz;
[2021-03-08 11:13:49 Thread-Id 3]
SELECT * FROM kfz;
[2021-03-08 11:13:54 Thread-Id 3]
SELECT * FROM kfz;
[2021-03-08 11:13:59 Thread-Id 3]
SELECT * FROM kfz;
[2021-03-08 11:14:04 Thread-Id 3]
SELECT * FROM kfz;
[2021-03-08 11:14:09 Thread-Id 3]
SELECT * FROM kfz;
[2021-03-08 11:14:14 Thread-Id 3]
SELECT * FROM kfz;
[2021-03-08 11:14:19 Thread-Id 3]
SELECT * FROM kfz;
[2021-03-08 11:14:24 Thread-Id 3]
SELECT * FROM kfz;
[2021-03-08 11:14:29 Thread-Id 3]
SELECT * FROM kfz;
[2021-03-08 11:14:34 Thread-Id 3]
SELECT * FROM kfz;
[2021-03-08 11:14:39 Thread-Id 3]
SELECT * FROM kfz;
[2021-03-08 11:14:44 Thread-Id 3]
SELECT * FROM kfz;
[2021-03-08 11:14:49 Thread-Id 3]
SELECT * FROM kfz;
[2021-03-08 11:14:54 Thread-Id 3]
SELECT * FROM kfz;
[2021-03-08 11:14:59 Thread-Id 3]
SELECT * FROM kfz;
[2021-03-08 11:15:04 Thread-Id 3]
SELECT * FROM kfz;
[2021-03-08 11:15:09 Thread-Id 3]
SELECT * FROM kfz;
[2021-03-08 11:15:14 Thread-Id 3]
SELECT * FROM kfz;
[2021-03-08 11:15:19 Thread-Id 3]
SELECT * FROM kfz;
[2021-03-08 11:15:24 Thread-Id 3]
SELECT * FROM kfz;
[2021-03-08 11:15:29 Thread-Id 3]
SELECT * FROM kfz;
[2021-03-08 11:15:34 Thread-Id 3]
SELECT * FROM kfz;
[2021-03-08 11:15:39 Thread-Id 3]
SELECT * FROM kfz;
[2021-03-08 11:15:44 Thread-Id 3]
SELECT * FROM kfz;
[2021-03-08 11:15:49 Thread-Id 3]
SELECT * FROM kfz;
[2021-03-08 11:15:54 Thread-Id 3]
SELECT * FROM kfz;
[2021-03-08 11:15:59 Thread-Id 3]
SELECT * FROM kfz;
[2021-03-08 11:16:04 Thread-Id 3]
SELECT * FROM kfz;
[2021-03-08 11:16:09 Thread-Id 3]
SELECT * FROM kfz;
[2021-03-08 11:16:14 Thread-Id 3]
SELECT * FROM kfz;
[2021-03-08 11:16:19 Thread-Id 3]
SELECT * FROM kfz;
[2021-03-08 11:16:24 Thread-Id 3]
SELECT * FROM kfz;
[2021-03-08 11:16:29 Thread-Id 3]
SELECT * FROM kfz;
[2021-03-08 11:16:34 Thread-Id 3]
SELECT * FROM kfz;
[2021-03-08 11:16:39 Thread-Id 3]
SELECT * FROM kfz;
[2021-03-08 11:16:44 Thread-Id 3]
SELECT * FROM kfz;
[2021-03-08 11:16:49 Thread-Id 3]
SELECT * FROM kfz;
[2021-03-08 11:16:54 Thread-Id 3]
SELECT * FROM kfz;
[2021-03-08 11:16:59 Thread-Id 3]
SELECT * FROM kfz;
[2021-03-08 11:17:04 Thread-Id 3]
SELECT * FROM kfz;
[2021-03-08 11:17:09 Thread-Id 3]
SELECT * FROM kfz;
[2021-03-08 11:17:14 Thread-Id 3]
SELECT * FROM kfz;
[2021-03-08 11:17:19 Thread-Id 3]
SELECT * FROM kfz;
[2021-03-08 11:17:24 Thread-Id 3]
SELECT * FROM kfz;
[2021-03-08 11:17:29 Thread-Id 3]
SELECT * FROM kfz;
[2021-03-08 11:17:34 Thread-Id 3]
SELECT * FROM kfz;
[2021-03-08 11:17:39 Thread-Id 3]
SELECT * FROM kfz;
[2021-03-08 11:17:44 Thread-Id 3]
SELECT * FROM kfz;
[2021-03-08 11:17:49 Thread-Id 3]
SELECT * FROM kfz;
[2021-03-08 11:17:54 Thread-Id 3]
SELECT * FROM kfz;
[2021-03-08 11:17:59 Thread-Id 3]
SELECT * FROM kfz;
[2021-03-08 11:18:04 Thread-Id 3]
SELECT * FROM kfz;
[2021-03-08 11:18:09 Thread-Id 3]
SELECT * FROM kfz;
[2021-03-08 11:18:14 Thread-Id 3]
SELECT * FROM kfz;
[2021-03-08 11:18:19 Thread-Id 3]
SELECT * FROM kfz;
[2021-03-08 11:18:24 Thread-Id 3]
SELECT * FROM kfz;
[2021-03-08 11:18:29 Thread-Id 3]
SELECT * FROM kfz;
[2021-03-08 11:18:34 Thread-Id 3]
SELECT * FROM kfz;
[2021-03-08 11:18:39 Thread-Id 3]
SELECT * FROM kfz;
[2021-03-08 11:18:44 Thread-Id 3]
SELECT * FROM kfz;
[2021-03-08 11:18:49 Thread-Id 3]
SELECT * FROM kfz;
[2021-03-08 11:18:54 Thread-Id 3]
SELECT * FROM kfz;
[2021-03-08 11:18:59 Thread-Id 3]
SELECT * FROM kfz;
[2021-03-08 11:19:04 Thread-Id 3]
SELECT * FROM kfz;
[2021-03-08 11:19:09 Thread-Id 3]
SELECT * FROM kfz;
[2021-03-08 11:19:14 Thread-Id 3]
SELECT * FROM kfz;
[2021-03-08 11:19:19 Thread-Id 3]
SELECT * FROM kfz;
[2021-03-08 11:19:24 Thread-Id 3]
SELECT * FROM kfz;
[2021-03-08 11:19:29 Thread-Id 3]
SELECT * FROM kfz;
[2021-03-08 11:19:34 Thread-Id 3]
SELECT * FROM kfz;
[2021-03-08 11:19:39 Thread-Id 3]
SELECT * FROM kfz;
[2021-03-08 11:19:44 Thread-Id 3]
SELECT * FROM kfz;
[2021-03-08 11:19:49 Thread-Id 3]
SELECT * FROM kfz;
[2021-03-08 11:19:54 Thread-Id 3]
SELECT * FROM kfz;
[2021-03-08 11:19:59 Thread-Id 3]
SELECT * FROM kfz;
[2021-03-08 11:20:04 Thread-Id 3]
SELECT * FROM kfz;
[2021-03-08 11:20:09 Thread-Id 3]
SELECT * FROM kfz;
[2021-03-08 11:20:14 Thread-Id 3]
SELECT * FROM kfz;
[2021-03-08 11:20:19 Thread-Id 3]
SELECT * FROM kfz;
[2021-03-08 11:20:24 Thread-Id 3]
SELECT * FROM kfz;
[2021-03-08 11:20:29 Thread-Id 3]
SELECT * FROM kfz;
[2021-03-08 11:20:34 Thread-Id 3]
SELECT * FROM kfz;
[2021-03-08 11:20:39 Thread-Id 3]
SELECT * FROM kfz;
[2021-03-08 11:20:44 Thread-Id 3]
SELECT * FROM kfz;
[2021-03-08 11:20:49 Thread-Id 3]
SELECT * FROM kfz;
[2021-03-08 11:20:54 Thread-Id 3]
SELECT * FROM kfz;
[2021-03-08 11:20:59 Thread-Id 3]
SELECT * FROM kfz;
[2021-03-08 11:21:04 Thread-Id 3]
SELECT * FROM kfz;
[2021-03-08 11:21:09 Thread-Id 3]
SELECT * FROM kfz;
[2021-03-08 11:21:14 Thread-Id 3]
SELECT * FROM kfz;
[2021-03-08 11:21:19 Thread-Id 3]
SELECT * FROM kfz;
[2021-03-08 11:21:24 Thread-Id 3]
SELECT * FROM kfz;
[2021-03-08 11:21:29 Thread-Id 3]
SELECT * FROM kfz;
[2021-03-08 11:21:34 Thread-Id 3]
SELECT * FROM kfz;
[2021-03-08 11:21:39 Thread-Id 3]
SELECT * FROM kfz;
[2021-03-08 11:21:44 Thread-Id 3]
SELECT * FROM kfz;
[2021-03-08 11:21:49 Thread-Id 3]
SELECT * FROM kfz;
[2021-03-08 11:21:54 Thread-Id 3]
SELECT * FROM kfz;
[2021-03-08 11:21:59 Thread-Id 3]
SELECT * FROM kfz;
[2021-03-08 11:22:04 Thread-Id 3]
SELECT * FROM kfz;
[2021-03-08 11:22:09 Thread-Id 3]
SELECT * FROM kfz;
[2021-03-08 11:22:14 Thread-Id 3]
SELECT * FROM kfz;
[2021-03-08 11:22:19 Thread-Id 3]
SELECT * FROM kfz;
[2021-03-08 11:22:24 Thread-Id 3]
SELECT * FROM kfz;
[2021-03-08 11:22:29 Thread-Id 3]
SELECT * FROM kfz;
[2021-03-08 11:22:34 Thread-Id 3]
SELECT * FROM kfz;
[2021-03-08 11:22:39 Thread-Id 3]
SELECT * FROM kfz;
[2021-03-08 11:22:44 Thread-Id 3]
SELECT * FROM kfz;
[2021-03-08 11:22:49 Thread-Id 3]
SELECT * FROM kfz;
[2021-03-08 11:22:54 Thread-Id 3]
SELECT * FROM kfz;
[2021-03-08 11:22:59 Thread-Id 3]
SELECT * FROM kfz;
[2021-03-08 11:23:04 Thread-Id 3]
SELECT * FROM kfz;
[2021-03-08 11:23:09 Thread-Id 3]
SELECT * FROM kfz;
[2021-03-08 11:23:14 Thread-Id 3]
SELECT * FROM kfz;
[2021-03-08 11:23:19 Thread-Id 3]
SELECT * FROM kfz;
[2021-03-08 11:23:24 Thread-Id 3]
SELECT * FROM kfz;
[2021-03-08 11:23:29 Thread-Id 3]
SELECT * FROM kfz;
[2021-03-08 11:23:34 Thread-Id 3]
SELECT * FROM kfz;
[2021-03-08 11:23:39 Thread-Id 3]
SELECT * FROM kfz;
[2021-03-08 11:23:44 Thread-Id 3]
SELECT * FROM kfz;
[2021-03-08 11:23:49 Thread-Id 3]
SELECT * FROM kfz;
[2021-03-08 11:23:54 Thread-Id 3]
SELECT * FROM kfz;
[2021-03-08 11:23:59 Thread-Id 3]
SELECT * FROM kfz;
[2021-03-08 11:24:04 Thread-Id 3]
SELECT * FROM kfz;
[2021-03-08 11:24:09 Thread-Id 3]
SELECT * FROM kfz;
[2021-03-08 11:24:14 Thread-Id 3]
SELECT * FROM kfz;
[2021-03-08 11:24:19 Thread-Id 3]
SELECT * FROM kfz;
[2021-03-08 11:24:24 Thread-Id 3]
SELECT * FROM kfz;
[2021-03-08 11:24:29 Thread-Id 3]
SELECT * FROM kfz;
[2021-03-08 11:24:34 Thread-Id 3]
SELECT * FROM kfz;
[2021-03-08 11:24:39 Thread-Id 3]
SELECT * FROM kfz;
[2021-03-08 11:24:44 Thread-Id 3]
SELECT * FROM kfz;
[2021-03-08 11:24:49 Thread-Id 3]
SELECT * FROM kfz;
[2021-03-08 11:24:54 Thread-Id 3]
SELECT * FROM kfz;
[2021-03-08 11:24:59 Thread-Id 3]
SELECT * FROM kfz;
[2021-03-08 11:25:04 Thread-Id 3]
SELECT * FROM kfz;
[2021-03-08 11:25:09 Thread-Id 3]
SELECT * FROM kfz;
[2021-03-08 11:25:14 Thread-Id 3]
SELECT * FROM kfz;
[2021-03-08 11:25:19 Thread-Id 3]
SELECT * FROM kfz;
[2021-03-08 11:25:24 Thread-Id 3]
SELECT * FROM kfz;
[2021-03-08 11:25:29 Thread-Id 3]
SELECT * FROM kfz;
[2021-03-08 11:25:34 Thread-Id 3]
SELECT * FROM kfz;
[2021-03-08 11:25:39 Thread-Id 3]
SELECT * FROM kfz;
[2021-03-08 11:25:44 Thread-Id 3]
SELECT * FROM kfz;
[2021-03-08 11:25:49 Thread-Id 3]
SELECT * FROM kfz;
[2021-03-08 11:25:54 Thread-Id 3]
SELECT * FROM kfz;
[2021-03-08 11:25:59 Thread-Id 3]
SELECT * FROM kfz;
[2021-03-08 11:26:04 Thread-Id 3]
SELECT * FROM kfz;
[2021-03-08 11:26:09 Thread-Id 3]
SELECT * FROM kfz;
[2021-03-08 11:26:14 Thread-Id 3]
SELECT * FROM kfz;
[2021-03-08 11:26:19 Thread-Id 3]
SELECT * FROM kfz;
[2021-03-08 11:26:24 Thread-Id 3]
SELECT * FROM kfz;
[2021-03-08 11:26:30 Thread-Id 3]
SELECT * FROM kfz;
[2021-03-08 11:26:35 Thread-Id 3]
SELECT * FROM kfz;
[2021-03-08 11:26:40 Thread-Id 3]
SELECT * FROM kfz;
[2021-03-08 11:26:45 Thread-Id 3]
SELECT * FROM kfz;
[2021-03-08 11:26:50 Thread-Id 3]
SELECT * FROM kfz;
[2021-03-08 11:26:55 Thread-Id 3]
SELECT * FROM kfz;
[2021-03-08 11:27:00 Thread-Id 3]
SELECT * FROM kfz;
[2021-03-08 11:27:05 Thread-Id 3]
SELECT * FROM kfz;
[2021-03-08 11:27:10 Thread-Id 3]
SELECT * FROM kfz;
[2021-03-08 11:27:15 Thread-Id 3]
SELECT * FROM kfz;
[2021-03-08 11:27:20 Thread-Id 3]
SELECT * FROM kfz;
[2021-03-08 11:27:25 Thread-Id 3]
SELECT * FROM kfz;
[2021-03-08 11:27:30 Thread-Id 3]
SELECT * FROM kfz;
[2021-03-08 11:27:35 Thread-Id 3]
SELECT * FROM kfz;
[2021-03-08 11:27:40 Thread-Id 3]
SELECT * FROM kfz;
[2021-03-08 11:27:45 Thread-Id 3]
SELECT * FROM kfz;
[2021-03-08 11:27:50 Thread-Id 3]
SELECT * FROM kfz;
[2021-03-08 11:27:55 Thread-Id 3]
SELECT * FROM kfz;
[2021-03-08 11:28:00 Thread-Id 3]
SELECT * FROM kfz;
[2021-03-08 11:28:05 Thread-Id 3]
SELECT * FROM kfz;
[2021-03-08 11:28:10 Thread-Id 3]
SELECT * FROM kfz;
[2021-03-08 11:28:15 Thread-Id 3]
SELECT * FROM kfz;
[2021-03-08 11:28:20 Thread-Id 3]
SELECT * FROM kfz;
[2021-03-08 11:28:25 Thread-Id 3]
SELECT * FROM kfz;
[2021-03-08 11:28:30 Thread-Id 3]
SELECT * FROM kfz;
[2021-03-08 11:28:35 Thread-Id 3]
SELECT * FROM kfz;
[2021-03-08 11:28:40 Thread-Id 3]
SELECT * FROM kfz;
[2021-03-08 11:28:45 Thread-Id 3]
SELECT * FROM kfz;
[2021-03-08 11:28:50 Thread-Id 3]
SELECT * FROM kfz;
[2021-03-08 11:28:55 Thread-Id 3]
SELECT * FROM kfz;
[2021-03-08 11:29:00 Thread-Id 3]
SELECT * FROM kfz;
[2021-03-08 11:29:05 Thread-Id 3]
SELECT * FROM kfz;
[2021-03-08 11:29:10 Thread-Id 3]
SELECT * FROM kfz;
[2021-03-08 11:29:15 Thread-Id 3]
SELECT * FROM kfz;
[2021-03-08 11:29:20 Thread-Id 3]
SELECT * FROM kfz;
[2021-03-08 11:29:25 Thread-Id 3]
SELECT * FROM kfz;
[2021-03-08 11:29:30 Thread-Id 3]
SELECT * FROM kfz;
[2021-03-08 11:29:35 Thread-Id 3]
SELECT * FROM kfz;
[2021-03-08 11:29:40 Thread-Id 3]
SELECT * FROM kfz;
[2021-03-08 11:29:45 Thread-Id 3]
SELECT * FROM kfz;
[2021-03-08 11:29:50 Thread-Id 3]
SELECT * FROM kfz;
[2021-03-08 11:29:55 Thread-Id 3]
SELECT * FROM kfz;
[2021-03-08 11:30:00 Thread-Id 3]
SELECT * FROM kfz;
[2021-03-08 11:30:05 Thread-Id 3]
SELECT * FROM kfz;
[2021-03-08 11:30:10 Thread-Id 3]
SELECT * FROM kfz;
[2021-03-08 11:30:15 Thread-Id 3]
SELECT * FROM kfz;
[2021-03-08 11:30:20 Thread-Id 3]
SELECT * FROM kfz;
[2021-03-08 11:30:25 Thread-Id 3]
SELECT * FROM kfz;
[2021-03-08 11:30:30 Thread-Id 3]
SELECT * FROM kfz;
[2021-03-08 11:30:35 Thread-Id 3]
SELECT * FROM kfz;
[2021-03-08 11:30:40 Thread-Id 3]
SELECT * FROM kfz;
[2021-03-08 11:30:45 Thread-Id 3]
SELECT * FROM kfz;
[2021-03-08 11:30:50 Thread-Id 3]
SELECT * FROM kfz;
[2021-03-08 11:30:55 Thread-Id 3]
SELECT * FROM kfz;
[2021-03-08 11:31:00 Thread-Id 3]
SELECT * FROM kfz;
[2021-03-08 11:31:05 Thread-Id 3]
SELECT * FROM kfz;
[2021-03-08 11:31:10 Thread-Id 3]
SELECT * FROM kfz;
[2021-03-08 11:31:15 Thread-Id 3]
SELECT * FROM kfz;
[2021-03-08 11:31:20 Thread-Id 3]
SELECT * FROM kfz;
[2021-03-08 11:31:25 Thread-Id 3]
SELECT * FROM kfz;
[2021-03-08 11:31:30 Thread-Id 3]
SELECT * FROM kfz;
[2021-03-08 11:31:35 Thread-Id 3]
SELECT * FROM kfz;
[2021-03-08 11:31:40 Thread-Id 3]
SELECT * FROM kfz;
[2021-03-08 11:31:45 Thread-Id 3]
SELECT * FROM kfz;
[2021-03-08 11:31:50 Thread-Id 3]
SELECT * FROM kfz;
[2021-03-08 11:31:55 Thread-Id 3]
SELECT * FROM kfz;
[2021-03-08 11:32:00 Thread-Id 3]
SELECT * FROM kfz;
[2021-03-08 11:32:05 Thread-Id 3]
SELECT * FROM kfz;
[2021-03-08 11:32:10 Thread-Id 3]
SELECT * FROM kfz;
[2021-03-08 11:32:15 Thread-Id 3]
SELECT * FROM kfz;
[2021-03-08 11:32:20 Thread-Id 3]
SELECT * FROM kfz;
[2021-03-08 11:32:25 Thread-Id 3]
SELECT * FROM kfz;
[2021-03-08 11:32:30 Thread-Id 3]
SELECT * FROM kfz;
[2021-03-08 11:32:35 Thread-Id 3]
SELECT * FROM kfz;
[2021-03-08 11:32:40 Thread-Id 3]
SELECT * FROM kfz;
[2021-03-08 11:32:45 Thread-Id 3]
SELECT * FROM kfz;
[2021-03-08 11:32:50 Thread-Id 3]
SELECT * FROM kfz;
[2021-03-08 11:32:55 Thread-Id 3]
SELECT * FROM kfz;
[2021-03-08 11:33:00 Thread-Id 3]
SELECT * FROM kfz;
[2021-03-08 11:33:05 Thread-Id 3]
SELECT * FROM kfz;
[2021-03-08 11:33:10 Thread-Id 3]
SELECT * FROM kfz;
[2021-03-08 11:33:15 Thread-Id 3]
SELECT * FROM kfz;
[2021-03-08 11:33:20 Thread-Id 3]
SELECT * FROM kfz;
[2021-03-08 11:33:25 Thread-Id 3]
SELECT * FROM kfz;
[2021-03-08 11:33:30 Thread-Id 3]
SELECT * FROM kfz;
[2021-03-08 11:33:35 Thread-Id 3]
SELECT * FROM kfz;
[2021-03-08 11:33:40 Thread-Id 3]
SELECT * FROM kfz;
[2021-03-08 11:33:45 Thread-Id 3]
SELECT * FROM kfz;
[2021-03-08 11:33:50 Thread-Id 3]
SELECT * FROM kfz;
[2021-03-08 11:33:55 Thread-Id 3]
SELECT * FROM kfz;
[2021-03-08 11:34:00 Thread-Id 3]
SELECT * FROM kfz;
[2021-03-08 11:34:05 Thread-Id 3]
SELECT * FROM kfz;
[2021-03-08 11:34:10 Thread-Id 3]
SELECT * FROM kfz;
[2021-03-08 11:34:15 Thread-Id 3]
SELECT * FROM kfz;
[2021-03-08 11:34:20 Thread-Id 3]
SELECT * FROM kfz;
[2021-03-08 11:34:25 Thread-Id 3]
SELECT * FROM kfz;
[2021-03-08 11:34:30 Thread-Id 3]
SELECT * FROM kfz;
[2021-03-08 11:34:35 Thread-Id 3]
SELECT * FROM kfz;
[2021-03-08 11:34:40 Thread-Id 3]
SELECT * FROM kfz;
[2021-03-08 11:34:45 Thread-Id 3]
SELECT * FROM kfz;
[2021-03-08 11:34:50 Thread-Id 3]
SELECT * FROM kfz;
[2021-03-08 11:34:55 Thread-Id 3]
SELECT * FROM kfz;
[2021-03-08 11:35:00 Thread-Id 3]
SELECT * FROM kfz;
[2021-03-08 11:35:05 Thread-Id 3]
SELECT * FROM kfz;
[2021-03-08 11:35:10 Thread-Id 3]
SELECT * FROM kfz;
[2021-03-08 11:35:15 Thread-Id 3]
SELECT * FROM kfz;
[2021-03-08 11:35:20 Thread-Id 3]
SELECT * FROM kfz;
[2021-03-08 11:35:25 Thread-Id 3]
SELECT * FROM kfz;
[2021-03-08 11:35:30 Thread-Id 3]
SELECT * FROM kfz;
[2021-03-08 11:35:35 Thread-Id 3]
SELECT * FROM kfz;
[2021-03-08 11:35:40 Thread-Id 3]
SELECT * FROM kfz;
